ARM GAS  /tmp/ccAfzAqk.s 			page 1


   1              		.cpu cortex-m0
   2              		.eabi_attribute 20, 1
   3              		.eabi_attribute 21, 1
   4              		.eabi_attribute 23, 3
   5              		.eabi_attribute 24, 1
   6              		.eabi_attribute 25, 1
   7              		.eabi_attribute 26, 1
   8              		.eabi_attribute 30, 1
   9              		.eabi_attribute 34, 0
  10              		.eabi_attribute 18, 4
  11              		.file	"font24.c"
  12              		.text
  13              	.Ltext0:
  14              		.cfi_sections	.debug_frame
  15              		.global	Font24
  16              		.global	Font24_Table
  17              		.section	.data.Font24,"aw"
  18              		.align	2
  21              	Font24:
  22 0000 00000000 		.word	Font24_Table
  23 0004 1100     		.short	17
  24 0006 1800     		.short	24
  25              		.section	.rodata.Font24_Table,"a"
  26              		.align	2
  29              	Font24_Table:
  30 0000 00000000 		.ascii	"\000\000\000\000\000\000\000\000\000\000\000\000\000"
  30      00000000 
  30      00000000 
  30      00
  31 000d 00000000 		.ascii	"\000\000\000\000\000\000\000\000\000\000\000\000\000"
  31      00000000 
  31      00000000 
  31      00
  32 001a 00000000 		.ascii	"\000\000\000\000\000\000\000\000\000\000\000\000\000"
  32      00000000 
  32      00000000 
  32      00
  33 0027 00000000 		.ascii	"\000\000\000\000\000\000\000\000\000\000\000\000\000"
  33      00000000 
  33      00000000 
  33      00
  34 0034 00000000 		.ascii	"\000\000\000\000\000\000\000\000\000\000\000\000\000"
  34      00000000 
  34      00000000 
  34      00
  35 0041 00000000 		.ascii	"\000\000\000\000\000\000\000\000\000\000\000\000\000"
  35      00000000 
  35      00000000 
  35      00
  36 004e 03800003 		.ascii	"\003\200\000\003\200\000\003\200\000\003\200\000\003"
  36      80000380 
  36      00038000 
  36      03
  37 005b 80000380 		.ascii	"\200\000\003\200\000\003\200\000\003\200\000\003\200"
  37      00038000 
  37      03800003 
  37      80
ARM GAS  /tmp/ccAfzAqk.s 			page 2


  38 0068 00010000 		.ascii	"\000\001\000\000\001\000\000\000\000\000\000\000\000"
  38      01000000 
  38      00000000 
  38      00
  39 0075 03800003 		.ascii	"\003\200\000\003\200\000\000\000\000\000\000\000\000"
  39      80000000 
  39      00000000 
  39      00
  40 0082 00000000 		.ascii	"\000\000\000\000\000\000\000\000\000\000\000\000\000"
  40      00000000 
  40      00000000 
  40      00
  41 008f 00000000 		.ascii	"\000\000\000\000\000\000\000\000\000\000\016p\000\016"
  41      00000000 
  41      00000E70 
  41      000E
  42 009d 70000E70 		.ascii	"p\000\016p\000\004 \000\004 \000\004 \000\004 \000\000"
  42      00042000 
  42      04200004 
  42      20000420 
  42      0000
  43 00af 00000000 		.ascii	"\000\000\000\000\000\000\000\000\000\000\000\000\000"
  43      00000000 
  43      00000000 
  43      00
  44 00bc 00000000 		.ascii	"\000\000\000\000\000\000\000\000\000\000\000\000\000"
  44      00000000 
  44      00000000 
  44      00
  45 00c9 00000000 		.ascii	"\000\000\000\000\000\000\000\000\000\000\000\000\000"
  45      00000000 
  45      00000000 
  45      00
  46 00d6 00000000 		.ascii	"\000\000\000\000\000\000\000\000\006`\000\006`\000\006"
  46      00000000 
  46      06600006 
  46      600006
  47 00e5 60000660 		.ascii	"`\000\006`\000\006`\000?\370\000?\370\000\006`\000\014"
  47      00066000 
  47      3FF8003F 
  47      F8000660 
  47      000C
  48 00f7 C0003FF8 		.ascii	"\300\000?\370\000?\370\000\014\300\000\014\300\000\014"
  48      003FF800 
  48      0CC0000C 
  48      C0000C
  49 0106 C0000CC0 		.ascii	"\300\000\014\300\000\014\300\000\000\000\000\000\000"
  49      000CC000 
  49      00000000 
  49      00
  50 0113 00000000 		.ascii	"\000\000\000\000\000\000\000\000\000\000\000\000\000"
  50      00000000 
  50      00000000 
  50      00
  51 0120 00000001 		.ascii	"\000\000\000\001\200\000\001\200\000\007\260\000\017"
  51      80000180 
  51      0007B000 
ARM GAS  /tmp/ccAfzAqk.s 			page 3


  51      0F
  52 012d F0001870 		.ascii	"\360\000\030p\000\030p\000\034\000\000\017\200\000\007"
  52      00187000 
  52      1C00000F 
  52      800007
  53 013c E00000F0 		.ascii	"\340\000\000\360\000\0300\000\0340\000\034p\000\037"
  53      00183000 
  53      1C30001C 
  53      70001F
  54 014b E0001BC0 		.ascii	"\340\000\033\300\000\001\200\000\001\200\000\001\200"
  54      00018000 
  54      01800001 
  54      80
  55 0158 00018000 		.ascii	"\000\001\200\000\000\000\000\000\000\000\000\000\000"
  55      00000000 
  55      00000000 
  55      00
  56 0165 00000000 		.ascii	"\000\000\000\000\000\000\000\000\000\007\200\000\017"
  56      00000000 
  56      00078000 
  56      0F
  57 0172 C0001CE0 		.ascii	"\300\000\034\340\000\030`\000\030`\000\034\340\000\017"
  57      00186000 
  57      1860001C 
  57      E0000F
  58 0181 F80007E0 		.ascii	"\370\000\007\340\000\037\360\000\0078\000\006\030\000"
  58      001FF000 
  58      07380006 
  58      1800
  59 018f 06180007 		.ascii	"\006\030\000\0078\000\003\360\000\001\340\000\000\000"
  59      380003F0 
  59      0001E000 
  59      0000
  60 019d 00000000 		.ascii	"\000\000\000\000\000\000\000\000\000\000\000\000\000"
  60      00000000 
  60      00000000 
  60      00
  61 01aa 00000000 		.ascii	"\000\000\000\000\000\000\000\000\000\000\000\000\000"
  61      00000000 
  61      00000000 
  61      00
  62 01b7 00000000 		.ascii	"\000\000\000\000\000\003\360\000\007\360\000\014`\000"
  62      0003F000 
  62      07F0000C 
  62      6000
  63 01c5 0C00000C 		.ascii	"\014\000\000\014\000\000\006\000\000\007\000\000\017"
  63      00000600 
  63      00070000 
  63      0F
  64 01d2 9C001DFC 		.ascii	"\234\000\035\374\000\030\360\000\030p\000\017\374\000"
  64      0018F000 
  64      1870000F 
  64      FC00
  65 01e0 07DC0000 		.ascii	"\007\334\000\000\000\000\000\000\000\000\000\000\000"
  65      00000000 
  65      00000000 
  65      00
ARM GAS  /tmp/ccAfzAqk.s 			page 4


  66 01ed 00000000 		.ascii	"\000\000\000\000\000\000\000\000\000\000\000\000\000"
  66      00000000 
  66      00000000 
  66      00
  67 01fa 00000000 		.ascii	"\000\000\000\000\000\000\000\003\200\000\003\200\000"
  67      00000003 
  67      80000380 
  67      00
  68 0207 03800001 		.ascii	"\003\200\000\001\000\000\001\000\000\001\000\000\001"
  68      00000100 
  68      00010000 
  68      01
  69 0214 00000000 		.ascii	"\000\000\000\000\000\000\000\000\000\000\000\000\000"
  69      00000000 
  69      00000000 
  69      00
  70 0221 00000000 		.ascii	"\000\000\000\000\000\000\000\000\000\000\000\000\000"
  70      00000000 
  70      00000000 
  70      00
  71 022e 00000000 		.ascii	"\000\000\000\000\000\000\000\000\000\000\000\000\000"
  71      00000000 
  71      00000000 
  71      00
  72 023b 00000000 		.ascii	"\000\000\000\000\000\000\000\000\000\000\000\000\030"
  72      00000000 
  72      00000000 
  72      18
  73 0248 00003800 		.ascii	"\000\0008\000\000p\000\000\360\000\000\340\000\000\340"
  73      00700000 
  73      F00000E0 
  73      0000E0
  74 0257 0001C000 		.ascii	"\000\001\300\000\001\300\000\001\300\000\001\300\000"
  74      01C00001 
  74      C00001C0 
  74      00
  75 0264 01C00001 		.ascii	"\001\300\000\001\300\000\000\340\000\000\340\000\000"
  75      C00000E0 
  75      0000E000 
  75      00
  76 0271 70000070 		.ascii	"p\000\000p\000\0008\000\000\030\000\000\000\000\000"
  76      00003800 
  76      00180000 
  76      000000
  77 0280 00000000 		.ascii	"\000\000\000\000\000\000\000\000\000\000\000\000\000"
  77      00000000 
  77      00000000 
  77      00
  78 028d 00180000 		.ascii	"\000\030\000\000\034\000\000\016\000\000\016\000\000"
  78      1C00000E 
  78      00000E00 
  78      00
  79 029a 07000007 		.ascii	"\007\000\000\007\000\000\003\200\000\003\200\000\003"
  79      00000380 
  79      00038000 
  79      03
  80 02a7 80000380 		.ascii	"\200\000\003\200\000\003\200\000\003\200\000\007\000"
ARM GAS  /tmp/ccAfzAqk.s 			page 5


  80      00038000 
  80      03800007 
  80      00
  81 02b4 00070000 		.ascii	"\000\007\000\000\017\000\000\016\000\000\034\000\000"
  81      0F00000E 
  81      00001C00 
  81      00
  82 02c1 18000000 		.ascii	"\030\000\000\000\000\000\000\000\000\000\000\000\000"
  82      00000000 
  82      00000000 
  82      00
  83 02ce 00000000 		.ascii	"\000\000\000\000\000\000\000\000\001\200\000\001\200"
  83      00000000 
  83      01800001 
  83      80
  84 02db 00018000 		.ascii	"\000\001\200\000\035\270\000\037\370\000\007\340\000"
  84      1DB8001F 
  84      F80007E0 
  84      00
  85 02e8 03C00003 		.ascii	"\003\300\000\003\300\000\006`\000\006`\000\000\000\000"
  85      C0000660 
  85      00066000 
  85      000000
  86 02f7 00000000 		.ascii	"\000\000\000\000\000\000\000\000\000\000\000\000\000"
  86      00000000 
  86      00000000 
  86      00
  87 0304 00000000 		.ascii	"\000\000\000\000\000\000\000\000\000\000\000\000\000"
  87      00000000 
  87      00000000 
  87      00
  88 0311 00000000 		.ascii	"\000\000\000\000\000\000\000\000\000\000\000\000\000"
  88      00000000 
  88      00000000 
  88      00
  89 031e 00000000 		.ascii	"\000\000\000\000\000\000\001\200\000\001\200\000\001"
  89      00000180 
  89      00018000 
  89      01
  90 032b 80000180 		.ascii	"\200\000\001\200\000\001\200\000?\374\000?\374\000\001"
  90      00018000 
  90      3FFC003F 
  90      FC0001
  91 033a 80000180 		.ascii	"\200\000\001\200\000\001\200\000\001\200\000\001\200"
  91      00018000 
  91      01800001 
  91      80
  92 0347 00000000 		.ascii	"\000\000\000\000\000\000\000\000\000\000\000\000\000"
  92      00000000 
  92      00000000 
  92      00
  93 0354 00000000 		.ascii	"\000\000\000\000\000\000\000\000\000\000\000\000\000"
  93      00000000 
  93      00000000 
  93      00
  94 0361 00000000 		.ascii	"\000\000\000\000\000\000\000\000\000\000\000\000\000"
  94      00000000 
ARM GAS  /tmp/ccAfzAqk.s 			page 6


  94      00000000 
  94      00
  95 036e 00000000 		.ascii	"\000\000\000\000\000\000\000\000\000\000\000\000\000"
  95      00000000 
  95      00000000 
  95      00
  96 037b 00000000 		.ascii	"\000\000\000\000\000\000\000\000\000\000\000\000\000"
  96      00000000 
  96      00000000 
  96      00
  97 0388 000000E0 		.ascii	"\000\000\000\340\000\000\300\000\001\300\000\001\200"
  97      0000C000 
  97      01C00001 
  97      80
  98 0395 00018000 		.ascii	"\000\001\200\000\003\000\000\003\000\000\000\000\000"
  98      03000003 
  98      00000000 
  98      00
  99 03a2 00000000 		.ascii	"\000\000\000\000\000\000\000\000\000\000\000\000\000"
  99      00000000 
  99      00000000 
  99      00
 100 03af 00000000 		.ascii	"\000\000\000\000\000\000\000\000\000\000\000\000\000"
 100      00000000 
 100      00000000 
 100      00
 101 03bc 00000000 		.ascii	"\000\000\000\000\000\000\000\037\370\000\037\370\000"
 101      0000001F 
 101      F8001FF8 
 101      00
 102 03c9 00000000 		.ascii	"\000\000\000\000\000\000\000\000\000\000\000\000\000"
 102      00000000 
 102      00000000 
 102      00
 103 03d6 00000000 		.ascii	"\000\000\000\000\000\000\000\000\000\000\000\000\000"
 103      00000000 
 103      00000000 
 103      00
 104 03e3 00000000 		.ascii	"\000\000\000\000\000\000\000\000\000\000\000\000\000"
 104      00000000 
 104      00000000 
 104      00
 105 03f0 00000000 		.ascii	"\000\000\000\000\000\000\000\000\000\000\000\000\000"
 105      00000000 
 105      00000000 
 105      00
 106 03fd 00000000 		.ascii	"\000\000\000\000\000\000\000\000\000\000\000\000\000"
 106      00000000 
 106      00000000 
 106      00
 107 040a 00000000 		.ascii	"\000\000\000\000\000\000\000\000\000\000\000\000\000"
 107      00000000 
 107      00000000 
 107      00
 108 0417 00000003 		.ascii	"\000\000\000\003\300\000\003\300\000\003\300\000\000"
 108      C00003C0 
 108      0003C000 
ARM GAS  /tmp/ccAfzAqk.s 			page 7


 108      00
 109 0424 00000000 		.ascii	"\000\000\000\000\000\000\000\000\000\000\000\000\000"
 109      00000000 
 109      00000000 
 109      00
 110 0431 00000000 		.ascii	"\000\000\000\000\000\000\000\000\030\000\000\030\000"
 110      00000000 
 110      18000018 
 110      00
 111 043e 00380000 		.ascii	"\0008\000\0000\000\000p\000\000`\000\000`\000\000\300"
 111      30000070 
 111      00006000 
 111      00600000 
 111      C0
 112 044f 0000C000 		.ascii	"\000\000\300\000\001\200\000\001\200\000\003\000\000"
 112      01800001 
 112      80000300 
 112      00
 113 045c 03000006 		.ascii	"\003\000\000\006\000\000\006\000\000\016\000\000\014"
 113      00000600 
 113      000E0000 
 113      0C
 114 0469 00001C00 		.ascii	"\000\000\034\000\000\030\000\000\030\000\000\000\000"
 114      00180000 
 114      18000000 
 114      00
 115 0476 00000000 		.ascii	"\000\000\000\000\000\000\000\000\000\000\000\000\000"
 115      00000000 
 115      00000000 
 115      00
 116 0483 00000003 		.ascii	"\000\000\000\003\300\000\007\340\000\0140\000\0140\000"
 116      C00007E0 
 116      000C3000 
 116      0C3000
 117 0492 18180018 		.ascii	"\030\030\000\030\030\000\030\030\000\030\030\000\030"
 117      18001818 
 117      00181800 
 117      18
 118 049f 18001818 		.ascii	"\030\000\030\030\000\030\030\000\0140\000\0140\000\007"
 118      00181800 
 118      0C30000C 
 118      300007
 119 04ae E00003C0 		.ascii	"\340\000\003\300\000\000\000\000\000\000\000\000\000"
 119      00000000 
 119      00000000 
 119      00
 120 04bb 00000000 		.ascii	"\000\000\000\000\000\000\000\000\000\000\000\000\000"
 120      00000000 
 120      00000000 
 120      00
 121 04c8 00000000 		.ascii	"\000\000\000\000\000\000\000\200\000\007\200\000\037"
 121      00000080 
 121      00078000 
 121      1F
 122 04d5 80001D80 		.ascii	"\200\000\035\200\000\001\200\000\001\200\000\001\200"
 122      00018000 
 122      01800001 
ARM GAS  /tmp/ccAfzAqk.s 			page 8


 122      80
 123 04e2 00018000 		.ascii	"\000\001\200\000\001\200\000\001\200\000\001\200\000"
 123      01800001 
 123      80000180 
 123      00
 124 04ef 01800001 		.ascii	"\001\200\000\001\200\000\037\370\000\037\370\000\000"
 124      80001FF8 
 124      001FF800 
 124      00
 125 04fc 00000000 		.ascii	"\000\000\000\000\000\000\000\000\000\000\000\000\000"
 125      00000000 
 125      00000000 
 125      00
 126 0509 00000000 		.ascii	"\000\000\000\000\000\000\000\000\000\000\000\000\000"
 126      00000000 
 126      00000000 
 126      00
 127 0516 07C0001F 		.ascii	"\007\300\000\037\360\00080\0000\030\0000\030\000\000"
 127      F0003830 
 127      00301800 
 127      30180000 
 128 0526 18000030 		.ascii	"\030\000\0000\000\000`\000\001\300\000\003\200\000\006"
 128      00006000 
 128      01C00003 
 128      800006
 129 0535 00000C00 		.ascii	"\000\000\014\000\000\030\000\000?\370\000?\370\000\000"
 129      00180000 
 129      3FF8003F 
 129      F80000
 130 0544 00000000 		.ascii	"\000\000\000\000\000\000\000\000\000\000\000\000\000"
 130      00000000 
 130      00000000 
 130      00
 131 0551 00000000 		.ascii	"\000\000\000\000\000\000\000\000\000\000\000\000\000"
 131      00000000 
 131      00000000 
 131      00
 132 055e 03C0000F 		.ascii	"\003\300\000\017\340\000\014p\000\0000\000\0000\000"
 132      E0000C70 
 132      00003000 
 132      003000
 133 056d 00600003 		.ascii	"\000`\000\003\300\000\003\340\000\000p\000\000\030\000"
 133      C00003E0 
 133      00007000 
 133      001800
 134 057c 00180000 		.ascii	"\000\030\000\000\030\000\0308\000\037\360\000\017\300"
 134      18001838 
 134      001FF000 
 134      0FC0
 135 058a 00000000 		.ascii	"\000\000\000\000\000\000\000\000\000\000\000\000\000"
 135      00000000 
 135      00000000 
 135      00
 136 0597 00000000 		.ascii	"\000\000\000\000\000\000\000\000\000\000\000\000\000"
 136      00000000 
 136      00000000 
 136      00
ARM GAS  /tmp/ccAfzAqk.s 			page 9


 137 05a4 000000E0 		.ascii	"\000\000\000\340\000\001\340\000\001\340\000\003`\000"
 137      0001E000 
 137      01E00003 
 137      6000
 138 05b2 06600006 		.ascii	"\006`\000\006`\000\014`\000\014`\000\030`\0000`\000"
 138      60000C60 
 138      000C6000 
 138      18600030 
 138      6000
 139 05c4 3FF8003F 		.ascii	"?\370\000?\370\000\000`\000\003\370\000\003\370\000"
 139      F8000060 
 139      0003F800 
 139      03F800
 140 05d3 00000000 		.ascii	"\000\000\000\000\000\000\000\000\000\000\000\000\000"
 140      00000000 
 140      00000000 
 140      00
 141 05e0 00000000 		.ascii	"\000\000\000\000\000\000\000\000\000\000\000\000\000"
 141      00000000 
 141      00000000 
 141      00
 142 05ed 001FF000 		.ascii	"\000\037\360\000\037\360\000\030\000\000\030\000\000"
 142      1FF00018 
 142      00001800 
 142      00
 143 05fa 1800001B 		.ascii	"\030\000\000\033\300\000\037\360\000\0340\000\000\030"
 143      C0001FF0 
 143      001C3000 
 143      0018
 144 0608 00001800 		.ascii	"\000\000\030\000\000\030\000\000\030\00000\000?\360"
 144      00180000 
 144      18003030 
 144      003FF0
 145 0617 000FC000 		.ascii	"\000\017\300\000\000\000\000\000\000\000\000\000\000"
 145      00000000 
 145      00000000 
 145      00
 146 0624 00000000 		.ascii	"\000\000\000\000\000\000\000\000\000\000\000\000\000"
 146      00000000 
 146      00000000 
 146      00
 147 0631 00000000 		.ascii	"\000\000\000\000\000\000\370\000\003\370\000\007\000"
 147      0000F800 
 147      03F80007 
 147      00
 148 063e 000E0000 		.ascii	"\000\016\000\000\014\000\000\030\000\000\033\300\000"
 148      0C000018 
 148      00001BC0 
 148      00
 149 064b 1FF0001C 		.ascii	"\037\360\000\0340\000\030\030\000\030\030\000\030\030"
 149      30001818 
 149      00181800 
 149      1818
 150 0659 000C3800 		.ascii	"\000\0148\000\017\360\000\003\340\000\000\000\000\000"
 150      0FF00003 
 150      E0000000 
 150      0000
ARM GAS  /tmp/ccAfzAqk.s 			page 10


 151 0667 00000000 		.ascii	"\000\000\000\000\000\000\000\000\000\000\000\000\000"
 151      00000000 
 151      00000000 
 151      00
 152 0674 00000000 		.ascii	"\000\000\000\000\000\000\000\000\000\000\037\370\000"
 152      00000000 
 152      00001FF8 
 152      00
 153 0681 1FF80018 		.ascii	"\037\370\000\030\030\000\0308\000\0000\000\0000\000"
 153      18001838 
 153      00003000 
 153      003000
 154 0690 00700000 		.ascii	"\000p\000\000`\000\000`\000\000\340\000\000\300\000"
 154      60000060 
 154      0000E000 
 154      00C000
 155 069f 00C00001 		.ascii	"\000\300\000\001\300\000\001\200\000\001\200\000\000"
 155      C0000180 
 155      00018000 
 155      00
 156 06ac 00000000 		.ascii	"\000\000\000\000\000\000\000\000\000\000\000\000\000"
 156      00000000 
 156      00000000 
 156      00
 157 06b9 00000000 		.ascii	"\000\000\000\000\000\000\000\000\000\000\000\000\000"
 157      00000000 
 157      00000000 
 157      00
 158 06c6 07E0000F 		.ascii	"\007\340\000\017\360\000\0348\000\030\030\000\030\030"
 158      F0001C38 
 158      00181800 
 158      1818
 159 06d4 000C3000 		.ascii	"\000\0140\000\007\340\000\007\340\000\0140\000\030\030"
 159      07E00007 
 159      E0000C30 
 159      001818
 160 06e3 00181800 		.ascii	"\000\030\030\000\030\030\000\0348\000\017\360\000\007"
 160      1818001C 
 160      38000FF0 
 160      0007
 161 06f1 E0000000 		.ascii	"\340\000\000\000\000\000\000\000\000\000\000\000\000"
 161      00000000 
 161      00000000 
 161      00
 162 06fe 00000000 		.ascii	"\000\000\000\000\000\000\000\000\000\000\000\000\000"
 162      00000000 
 162      00000000 
 162      00
 163 070b 00000007 		.ascii	"\000\000\000\007\300\000\017\360\000\0340\000\030\030"
 163      C0000FF0 
 163      001C3000 
 163      1818
 164 0719 00181800 		.ascii	"\000\030\030\000\030\030\000\0148\000\017\370\000\003"
 164      1818000C 
 164      38000FF8 
 164      0003
 165 0727 D8000018 		.ascii	"\330\000\000\030\000\0000\000\000p\000\000\340\000\037"
ARM GAS  /tmp/ccAfzAqk.s 			page 11


 165      00003000 
 165      00700000 
 165      E0001F
 166 0736 C0001F00 		.ascii	"\300\000\037\000\000\000\000\000\000\000\000\000\000"
 166      00000000 
 166      00000000 
 166      00
 167 0743 00000000 		.ascii	"\000\000\000\000\000\000\000\000\000\000\000\000\000"
 167      00000000 
 167      00000000 
 167      00
 168 0750 00000000 		.ascii	"\000\000\000\000\000\000\000\000\000\000\000\000\000"
 168      00000000 
 168      00000000 
 168      00
 169 075d 00000000 		.ascii	"\000\000\000\000\000\003\300\000\003\300\000\003\300"
 169      0003C000 
 169      03C00003 
 169      C0
 170 076a 00000000 		.ascii	"\000\000\000\000\000\000\000\000\000\000\000\000\000"
 170      00000000 
 170      00000000 
 170      00
 171 0777 00000003 		.ascii	"\000\000\000\003\300\000\003\300\000\003\300\000\000"
 171      C00003C0 
 171      0003C000 
 171      00
 172 0784 00000000 		.ascii	"\000\000\000\000\000\000\000\000\000\000\000\000\000"
 172      00000000 
 172      00000000 
 172      00
 173 0791 00000000 		.ascii	"\000\000\000\000\000\000\000\000\000\000\000\000\000"
 173      00000000 
 173      00000000 
 173      00
 174 079e 00000000 		.ascii	"\000\000\000\000\000\000\000\000\000\000\000\000\000"
 174      00000000 
 174      00000000 
 174      00
 175 07ab F00000F0 		.ascii	"\360\000\000\360\000\000\360\000\000\000\000\000\000"
 175      0000F000 
 175      00000000 
 175      00
 176 07b8 00000000 		.ascii	"\000\000\000\000\000\000\000\000\340\000\001\300\000"
 176      00000000 
 176      E00001C0 
 176      00
 177 07c5 01800001 		.ascii	"\001\200\000\001\200\000\003\000\000\002\000"
 177      80000300 
 177      000200
 178 07d0 00000000 		.ascii	"\000\000\000\000\000\000\000\000\000\000\000\000\000"
 178      00000000 
 178      00000000 
 178      00
 179 07dd 00000000 		.ascii	"\000\000\000\000\000\000\000\000\000\000\000\000\000"
 179      00000000 
 179      00000000 
ARM GAS  /tmp/ccAfzAqk.s 			page 12


 179      00
 180 07ea 0000001C 		.ascii	"\000\000\000\034\000\000<\000\000\360\000\003\300\000"
 180      00003C00 
 180      00F00003 
 180      C000
 181 07f8 0F00003C 		.ascii	"\017\000\000<\000\000\360\000\000<\000\000\017\000\000"
 181      0000F000 
 181      003C0000 
 181      0F0000
 182 0807 03C00000 		.ascii	"\003\300\000\000\360\000\000<\000\000\034\000\000\000"
 182      F000003C 
 182      00001C00 
 182      0000
 183 0815 00000000 		.ascii	"\000\000\000\000\000\000\000\000\000\000\000\000\000"
 183      00000000 
 183      00000000 
 183      00
 184 0822 00000000 		.ascii	"\000\000\000\000\000\000\000\000\000\000\000\000\000"
 184      00000000 
 184      00000000 
 184      00
 185 082f 00000000 		.ascii	"\000\000\000\000\000\000\000\000\000\000\000\000\000"
 185      00000000 
 185      00000000 
 185      00
 186 083c 007FFC00 		.ascii	"\000\177\374\000\177\374\000\000\000\000\000\000\000"
 186      7FFC0000 
 186      00000000 
 186      00
 187 0849 7FFC007F 		.ascii	"\177\374\000\177\374\000\000\000\000\000\000\000\000"
 187      FC000000 
 187      00000000 
 187      00
 188 0856 00000000 		.ascii	"\000\000\000\000\000\000\000\000\000\000\000\000\000"
 188      00000000 
 188      00000000 
 188      00
 189 0863 00000000 		.ascii	"\000\000\000\000\000\000\000\000\000\000\000\000\000"
 189      00000000 
 189      00000000 
 189      00
 190 0870 00000000 		.ascii	"\000\000\000\000\000\000\000\000\000\000\000\000p\000"
 190      00000000 
 190      00000000 
 190      7000
 191 087e 00780000 		.ascii	"\000x\000\000\036\000\000\007\200\000\001\340\000\000"
 191      1E000007 
 191      800001E0 
 191      0000
 192 088c 7800001E 		.ascii	"x\000\000\036\000\000x\000\001\340\000\007\200\000\036"
 192      00007800 
 192      01E00007 
 192      80001E
 193 089b 00007800 		.ascii	"\000\000x\000\000p\000\000\000\000\000\000\000\000\000"
 193      00700000 
 193      00000000 
 193      000000
ARM GAS  /tmp/ccAfzAqk.s 			page 13


 194 08aa 00000000 		.ascii	"\000\000\000\000\000\000\000\000\000\000\000\000\000"
 194      00000000 
 194      00000000 
 194      00
 195 08b7 00000000 		.ascii	"\000\000\000\000\000\000\000\000\000\000\007\300\000"
 195      00000000 
 195      000007C0 
 195      00
 196 08c4 0FE00018 		.ascii	"\017\340\000\030p\000\0300\000\0300\000\000p\000\000"
 196      70001830 
 196      00183000 
 196      00700000 
 197 08d4 E00003C0 		.ascii	"\340\000\003\300\000\003\200\000\003\000\000\000\000"
 197      00038000 
 197      03000000 
 197      00
 198 08e1 00000000 		.ascii	"\000\000\000\000\007\000\000\007\000\000\000\000\000"
 198      07000007 
 198      00000000 
 198      00
 199 08ee 00000000 		.ascii	"\000\000\000\000\000\000\000\000\000\000\000\000\000"
 199      00000000 
 199      00000000 
 199      00
 200 08fb 00000000 		.ascii	"\000\000\000\000\000\000\000\000\000\000\000\003\340"
 200      00000000 
 200      00000003 
 200      E0
 201 0908 0007F000 		.ascii	"\000\007\360\000\0168\000\014\030\000\030x\000\030\370"
 201      0E38000C 
 201      18001878 
 201      0018F8
 202 0917 0019D800 		.ascii	"\000\031\330\000\031\230\000\031\230\000\031\230\000"
 202      19980019 
 202      98001998 
 202      00
 203 0924 18F80018 		.ascii	"\030\370\000\030x\000\030\000\000\014\000\000\016\030"
 203      78001800 
 203      000C0000 
 203      0E18
 204 0932 0007F800 		.ascii	"\000\007\370\000\003\340\000\000\000\000\000\000\000"
 204      03E00000 
 204      00000000 
 204      00
 205 093f 00000000 		.ascii	"\000\000\000\000\000\000\000\000\000\000\000\000\000"
 205      00000000 
 205      00000000 
 205      00
 206 094c 00000000 		.ascii	"\000\000\000\000\000\037\200\000\037\300\000\001\300"
 206      001F8000 
 206      1FC00001 
 206      C0
 207 0959 00036000 		.ascii	"\000\003`\000\003`\000\0060\000\0060\000\0140\000\017"
 207      03600006 
 207      30000630 
 207      000C3000 
 207      0F
ARM GAS  /tmp/ccAfzAqk.s 			page 14


 208 096a F8001FF8 		.ascii	"\370\000\037\370\000\030\014\0000\014\000\374\177\000"
 208      00180C00 
 208      300C00FC 
 208      7F00
 209 0978 FC7F0000 		.ascii	"\374\177\000\000\000\000\000\000\000\000\000\000\000"
 209      00000000 
 209      00000000 
 209      00
 210 0985 00000000 		.ascii	"\000\000\000\000\000\000\000\000\000\000\000\000\000"
 210      00000000 
 210      00000000 
 210      00
 211 0992 00000000 		.ascii	"\000\000\000\000\000\000\000\177\340\000\177\360\000"
 211      0000007F 
 211      E0007FF0 
 211      00
 212 099f 18380018 		.ascii	"\0308\000\030\030\000\030\030\000\0308\000\037\360\000"
 212      18001818 
 212      00183800 
 212      1FF000
 213 09ae 1FF80018 		.ascii	"\037\370\000\030\034\000\030\014\000\030\014\000\030"
 213      1C00180C 
 213      00180C00 
 213      18
 214 09bb 0C007FF8 		.ascii	"\014\000\177\370\000\177\360\000\000\000\000\000\000"
 214      007FF000 
 214      00000000 
 214      00
 215 09c8 00000000 		.ascii	"\000\000\000\000\000\000\000\000\000\000\000\000\000"
 215      00000000 
 215      00000000 
 215      00
 216 09d5 00000000 		.ascii	"\000\000\000\000\000\000\000\000\000\000\000\000\003"
 216      00000000 
 216      00000000 
 216      03
 217 09e2 EC000FFC 		.ascii	"\354\000\017\374\000\034\034\000\030\014\0000\014\000"
 217      001C1C00 
 217      180C0030 
 217      0C00
 218 09f0 30000030 		.ascii	"0\000\0000\000\0000\000\0000\000\0000\000\000\030\014"
 218      00003000 
 218      00300000 
 218      30000018 
 218      0C
 219 0a01 001C1C00 		.ascii	"\000\034\034\000\017\370\000\003\360\000\000\000\000"
 219      0FF80003 
 219      F0000000 
 219      00
 220 0a0e 00000000 		.ascii	"\000\000\000\000\000\000\000\000\000\000\000\000\000"
 220      00000000 
 220      00000000 
 220      00
 221 0a1b 00000000 		.ascii	"\000\000\000\000\000\000\000\000\000\000\000\000\000"
 221      00000000 
 221      00000000 
 221      00
ARM GAS  /tmp/ccAfzAqk.s 			page 15


 222 0a28 007FC000 		.ascii	"\000\177\300\000\177\360\000\0308\000\030\030\000\030"
 222      7FF00018 
 222      38001818 
 222      0018
 223 0a36 0C00180C 		.ascii	"\014\000\030\014\000\030\014\000\030\014\000\030\014"
 223      00180C00 
 223      180C0018 
 223      0C
 224 0a43 00180C00 		.ascii	"\000\030\014\000\030\030\000\0308\000\177\360\000\177"
 224      18180018 
 224      38007FF0 
 224      007F
 225 0a51 E0000000 		.ascii	"\340\000\000\000\000\000\000\000\000\000\000\000\000"
 225      00000000 
 225      00000000 
 225      00
 226 0a5e 00000000 		.ascii	"\000\000\000\000\000\000\000\000\000\000\000\000\000"
 226      00000000 
 226      00000000 
 226      00
 227 0a6b 00000000 		.ascii	"\000\000\000\000\000\000\177\370\000\177\370\000\030"
 227      00007FF8 
 227      007FF800 
 227      18
 228 0a78 18001818 		.ascii	"\030\000\030\030\000\031\230\000\031\200\000\037\200"
 228      00199800 
 228      1980001F 
 228      80
 229 0a85 001F8000 		.ascii	"\000\037\200\000\031\200\000\031\230\000\030\030\000"
 229      19800019 
 229      98001818 
 229      00
 230 0a92 1818007F 		.ascii	"\030\030\000\177\370\000\177\370\000\000\000\000\000"
 230      F8007FF8 
 230      00000000 
 230      00
 231 0a9f 00000000 		.ascii	"\000\000\000\000\000\000\000\000\000\000\000\000\000"
 231      00000000 
 231      00000000 
 231      00
 232 0aac 00000000 		.ascii	"\000\000\000\000\000\000\000\000\000\000\000\000\000"
 232      00000000 
 232      00000000 
 232      00
 233 0ab9 3FFC003F 		.ascii	"?\374\000?\374\000\014\014\000\014\014\000\014\314\000"
 233      FC000C0C 
 233      000C0C00 
 233      0CCC00
 234 0ac8 0CC0000F 		.ascii	"\014\300\000\017\300\000\017\300\000\014\300\000\014"
 234      C0000FC0 
 234      000CC000 
 234      0C
 235 0ad5 C0000C00 		.ascii	"\300\000\014\000\000\014\000\000?\300\000?\300\000\000"
 235      000C0000 
 235      3FC0003F 
 235      C00000
 236 0ae4 00000000 		.ascii	"\000\000\000\000\000\000\000\000\000\000\000\000\000"
ARM GAS  /tmp/ccAfzAqk.s 			page 16


 236      00000000 
 236      00000000 
 236      00
 237 0af1 00000000 		.ascii	"\000\000\000\000\000\000\000\000\000\000\000\000\000"
 237      00000000 
 237      00000000 
 237      00
 238 0afe 00000003 		.ascii	"\000\000\000\003\354\000\017\374\000\034\034\000\030"
 238      EC000FFC 
 238      001C1C00 
 238      18
 239 0b0b 0C00300C 		.ascii	"\014\0000\014\0000\000\0000\000\0000\376\0000\376\000"
 239      00300000 
 239      30000030 
 239      FE0030FE 
 239      00
 240 0b1c 300C0038 		.ascii	"0\014\0008\014\000\034\034\000\017\374\000\003\360\000"
 240      0C001C1C 
 240      000FFC00 
 240      03F000
 241 0b2b 00000000 		.ascii	"\000\000\000\000\000\000\000\000\000\000\000\000\000"
 241      00000000 
 241      00000000 
 241      00
 242 0b38 00000000 		.ascii	"\000\000\000\000\000\000\000\000\000\000\000\000\000"
 242      00000000 
 242      00000000 
 242      00
 243 0b45 00000000 		.ascii	"\000\000\000\000~~\000~~\000\030\030\000\030\030\000"
 243      7E7E007E 
 243      7E001818 
 243      00181800 
 244 0b55 18180018 		.ascii	"\030\030\000\030\030\000\037\370\000\037\370\000\030"
 244      18001FF8 
 244      001FF800 
 244      18
 245 0b62 18001818 		.ascii	"\030\000\030\030\000\030\030\000\030\030\000~~\000~"
 245      00181800 
 245      1818007E 
 245      7E007E
 246 0b71 7E000000 		.ascii	"~\000\000\000\000\000\000\000\000\000\000\000\000\000"
 246      00000000 
 246      00000000 
 246      0000
 247 0b7f 00000000 		.ascii	"\000\000\000\000\000\000\000\000\000\000\000\000\000"
 247      00000000 
 247      00000000 
 247      00
 248 0b8c 00000000 		.ascii	"\000\000\000\000\000\037\370\000\037\370\000\001\200"
 248      001FF800 
 248      1FF80001 
 248      80
 249 0b99 00018000 		.ascii	"\000\001\200\000\001\200\000\001\200\000\001\200\000"
 249      01800001 
 249      80000180 
 249      00
 250 0ba6 01800001 		.ascii	"\001\200\000\001\200\000\001\200\000\001\200\000\001"
ARM GAS  /tmp/ccAfzAqk.s 			page 17


 250      80000180 
 250      00018000 
 250      01
 251 0bb3 80001FF8 		.ascii	"\200\000\037\370\000\037\370\000\000\000\000\000\000"
 251      001FF800 
 251      00000000 
 251      00
 252 0bc0 00000000 		.ascii	"\000\000\000\000\000\000\000\000\000\000\000\000\000"
 252      00000000 
 252      00000000 
 252      00
 253 0bcd 00000000 		.ascii	"\000\000\000\000\000\000\000\000\000\000\000\000\007"
 253      00000000 
 253      00000000 
 253      07
 254 0bda FE0007FE 		.ascii	"\376\000\007\376\000\0000\000\0000\000\0000\000\000"
 254      00003000 
 254      00300000 
 254      300000
 255 0be9 30000030 		.ascii	"0\000\0000\00000\00000\00000\00000\0000`\000?\340\000"
 255      00303000 
 255      30300030 
 255      30003030 
 255      00306000 
 256 0c00 0F800000 		.ascii	"\017\200\000\000\000\000\000\000\000\000\000\000\000"
 256      00000000 
 256      00000000 
 256      00
 257 0c0d 00000000 		.ascii	"\000\000\000\000\000\000\000\000\000\000\000\000\000"
 257      00000000 
 257      00000000 
 257      00
 258 0c1a 00000000 		.ascii	"\000\000\000\000\000\000\000\177>\000\177>\000\0300"
 258      0000007F 
 258      3E007F3E 
 258      001830
 259 0c29 00186000 		.ascii	"\000\030`\000\030\300\000\031\200\000\033\200\000\037"
 259      18C00019 
 259      80001B80 
 259      001F
 260 0c37 C0001CE0 		.ascii	"\300\000\034\340\000\030p\000\0300\000\0308\000\177"
 260      00187000 
 260      18300018 
 260      38007F
 261 0c46 1F007F1F 		.ascii	"\037\000\177\037\000\000\000\000\000\000\000\000\000"
 261      00000000 
 261      00000000 
 261      00
 262 0c53 00000000 		.ascii	"\000\000\000\000\000\000\000\000\000\000\000\000\000"
 262      00000000 
 262      00000000 
 262      00
 263 0c60 00000000 		.ascii	"\000\000\000\000\000\000\000\000\000\177\200\000\177"
 263      00000000 
 263      007F8000 
 263      7F
 264 0c6d 80000C00 		.ascii	"\200\000\014\000\000\014\000\000\014\000\000\014\000"
ARM GAS  /tmp/ccAfzAqk.s 			page 18


 264      000C0000 
 264      0C00000C 
 264      00
 265 0c7a 000C0000 		.ascii	"\000\014\000\000\014\000\000\014\014\000\014\014\000"
 265      0C00000C 
 265      0C000C0C 
 265      00
 266 0c87 0C0C000C 		.ascii	"\014\014\000\014\014\000\177\374\000\177\374\000\000"
 266      0C007FFC 
 266      007FFC00 
 266      00
 267 0c94 00000000 		.ascii	"\000\000\000\000\000\000\000\000\000\000\000\000\000"
 267      00000000 
 267      00000000 
 267      00
 268 0ca1 00000000 		.ascii	"\000\000\000\000\000\000\000\000\000\000\000\000\000"
 268      00000000 
 268      00000000 
 268      00
 269 0cae 000000F0 		.ascii	"\000\000\000\360\017\000\370\037\0008\034\000<<\000"
 269      0F00F81F 
 269      00381C00 
 269      3C3C00
 270 0cbd 3C3C0036 		.ascii	"<<\0006l\0006l\0003\314\0003\314\0001\214\0000\014\000"
 270      6C00366C 
 270      0033CC00 
 270      33CC0031 
 270      8C00300C 
 271 0cd2 300C00FE 		.ascii	"0\014\000\376\177\000\376\177\000\000\000\000\000\000"
 271      7F00FE7F 
 271      00000000 
 271      0000
 272 0ce0 00000000 		.ascii	"\000\000\000\000\000\000\000\000\000\000\000\000\000"
 272      00000000 
 272      00000000 
 272      00
 273 0ced 00000000 		.ascii	"\000\000\000\000\000\000\000\000\000\000\000\000x\376"
 273      00000000 
 273      00000000 
 273      78FE
 274 0cfb 0078FE00 		.ascii	"\000x\376\000\034\030\000\036\030\000\037\030\000\033"
 274      1C18001E 
 274      18001F18 
 274      001B
 275 0d09 18001B98 		.ascii	"\030\000\033\230\000\031\330\000\030\330\000\030\370"
 275      0019D800 
 275      18D80018 
 275      F8
 276 0d16 00187800 		.ascii	"\000\030x\000\0308\000\177\030\000\177\030\000\000\000"
 276      1838007F 
 276      18007F18 
 276      000000
 277 0d25 00000000 		.ascii	"\000\000\000\000\000\000\000\000\000\000\000\000\000"
 277      00000000 
 277      00000000 
 277      00
 278 0d32 00000000 		.ascii	"\000\000\000\000\000\000\000\000\000\000\000\000\000"
ARM GAS  /tmp/ccAfzAqk.s 			page 19


 278      00000000 
 278      00000000 
 278      00
 279 0d3f 000003C0 		.ascii	"\000\000\003\300\000\017\360\000\0348\000\030\030\000"
 279      000FF000 
 279      1C380018 
 279      1800
 280 0d4d 381C0030 		.ascii	"8\034\0000\014\0000\014\0000\014\0000\014\0008\034\000"
 280      0C00300C 
 280      00300C00 
 280      300C0038 
 280      1C00
 281 0d5f 1818001C 		.ascii	"\030\030\000\0348\000\017\360\000\003\300\000\000\000"
 281      38000FF0 
 281      0003C000 
 281      0000
 282 0d6d 00000000 		.ascii	"\000\000\000\000\000\000\000\000\000\000\000\000\000"
 282      00000000 
 282      00000000 
 282      00
 283 0d7a 00000000 		.ascii	"\000\000\000\000\000\000\000\000\000\000\000\000\000"
 283      00000000 
 283      00000000 
 283      00
 284 0d87 00003FF0 		.ascii	"\000\000?\360\000?\370\000\014\034\000\014\014\000\014"
 284      003FF800 
 284      0C1C000C 
 284      0C000C
 285 0d96 0C000C0C 		.ascii	"\014\000\014\014\000\014\030\000\017\370\000\017\340"
 285      000C1800 
 285      0FF8000F 
 285      E0
 286 0da3 000C0000 		.ascii	"\000\014\000\000\014\000\000\014\000\000?\300\000?\300"
 286      0C00000C 
 286      00003FC0 
 286      003FC0
 287 0db2 00000000 		.ascii	"\000\000\000\000\000\000\000\000\000\000\000\000\000"
 287      00000000 
 287      00000000 
 287      00
 288 0dbf 00000000 		.ascii	"\000\000\000\000\000\000\000\000\000\000\000\000\000"
 288      00000000 
 288      00000000 
 288      00
 289 0dcc 00000000 		.ascii	"\000\000\000\000\000\003\300\000\017\360\000\0348\000"
 289      0003C000 
 289      0FF0001C 
 289      3800
 290 0dda 18180038 		.ascii	"\030\030\0008\034\0000\014\0000\014\0000\014\0000\014"
 290      1C00300C 
 290      00300C00 
 290      300C0030 
 290      0C
 291 0deb 00381C00 		.ascii	"\0008\034\000\030\030\000\0348\000\017\360\000\007\300"
 291      1818001C 
 291      38000FF0 
 291      0007C0
ARM GAS  /tmp/ccAfzAqk.s 			page 20


 292 0dfa 0007CC00 		.ascii	"\000\007\314\000\017\374\000\0148\000\000\000\000\000"
 292      0FFC000C 
 292      38000000 
 292      0000
 293 0e08 00000000 		.ascii	"\000\000\000\000\000\000\000\000\000\000\000\000\000"
 293      00000000 
 293      00000000 
 293      00
 294 0e15 00000000 		.ascii	"\000\000\000\000\177\340\000\177\360\000\0308\000\030"
 294      7FE0007F 
 294      F0001838 
 294      0018
 295 0e23 18001818 		.ascii	"\030\000\030\030\000\0308\000\037\360\000\037\300\000"
 295      00183800 
 295      1FF0001F 
 295      C000
 296 0e31 18E00018 		.ascii	"\030\340\000\030p\000\0300\000\0308\000\177\036\000"
 296      70001830 
 296      00183800 
 296      7F1E00
 297 0e40 7F0E0000 		.ascii	"\177\016\000\000\000\000\000\000\000\000\000\000\000"
 297      00000000 
 297      00000000 
 297      00
 298 0e4d 00000000 		.ascii	"\000\000\000\000\000\000\000\000\000\000\000\000\000"
 298      00000000 
 298      00000000 
 298      00
 299 0e5a 00000000 		.ascii	"\000\000\000\000\000\000\000\007\330\000\017\370\000"
 299      00000007 
 299      D8000FF8 
 299      00
 300 0e67 1C380018 		.ascii	"\0348\000\030\030\000\030\030\000\036\000\000\017\300"
 300      18001818 
 300      001E0000 
 300      0FC0
 301 0e75 0003F000 		.ascii	"\000\003\360\000\000x\000\030\030\000\030\030\000\034"
 301      00780018 
 301      18001818 
 301      001C
 302 0e83 38001FF0 		.ascii	"8\000\037\360\000\033\340\000\000\000\000\000\000\000"
 302      001BE000 
 302      00000000 
 302      0000
 303 0e91 00000000 		.ascii	"\000\000\000\000\000\000\000\000\000\000\000\000\000"
 303      00000000 
 303      00000000 
 303      00
 304 0e9e 00000000 		.ascii	"\000\000\000\000\000\000\000\000\000\000\000?\374\000"
 304      00000000 
 304      0000003F 
 304      FC00
 305 0eac 3FFC0031 		.ascii	"?\374\0001\214\0001\214\0001\214\0001\214\000\001\200"
 305      8C00318C 
 305      00318C00 
 305      318C0001 
 305      80
ARM GAS  /tmp/ccAfzAqk.s 			page 21


 306 0ebd 00018000 		.ascii	"\000\001\200\000\001\200\000\001\200\000\001\200\000"
 306      01800001 
 306      80000180 
 306      00
 307 0eca 0180000F 		.ascii	"\001\200\000\017\360\000\017\360\000\000\000\000\000"
 307      F0000FF0 
 307      00000000 
 307      00
 308 0ed7 00000000 		.ascii	"\000\000\000\000\000\000\000\000\000\000\000\000\000"
 308      00000000 
 308      00000000 
 308      00
 309 0ee4 00000000 		.ascii	"\000\000\000\000\000\000\000\000\000\000\000\000\000"
 309      00000000 
 309      00000000 
 309      00
 310 0ef1 7E7E007E 		.ascii	"~~\000~~\000\030\030\000\030\030\000\030\030\000\030"
 310      7E001818 
 310      00181800 
 310      18180018 
 311 0f01 18001818 		.ascii	"\030\000\030\030\000\030\030\000\030\030\000\030\030"
 311      00181800 
 311      18180018 
 311      18
 312 0f0e 00181800 		.ascii	"\000\030\030\000\0140\000\017\360\000\003\300\000\000"
 312      0C30000F 
 312      F00003C0 
 312      0000
 313 0f1c 00000000 		.ascii	"\000\000\000\000\000\000\000\000\000\000\000\000\000"
 313      00000000 
 313      00000000 
 313      00
 314 0f29 00000000 		.ascii	"\000\000\000\000\000\000\000\000\000\000\000\000\000"
 314      00000000 
 314      00000000 
 314      00
 315 0f36 0000007F 		.ascii	"\000\000\000\177\177\000\177\177\000\030\014\000\014"
 315      7F007F7F 
 315      00180C00 
 315      0C
 316 0f43 18000C18 		.ascii	"\030\000\014\030\000\014\030\000\0060\000\0060\000\003"
 316      000C1800 
 316      06300006 
 316      300003
 317 0f52 60000360 		.ascii	"`\000\003`\000\003`\000\001\300\000\001\300\000\000"
 317      00036000 
 317      01C00001 
 317      C00000
 318 0f61 80000000 		.ascii	"\200\000\000\000\000\000\000\000\000\000\000\000\000"
 318      00000000 
 318      00000000 
 318      00
 319 0f6e 00000000 		.ascii	"\000\000\000\000\000\000\000\000\000\000\000\000\000"
 319      00000000 
 319      00000000 
 319      00
 320 0f7b 00000000 		.ascii	"\000\000\000\000\000\000\376?\200\376?\2000\006\000"
ARM GAS  /tmp/ccAfzAqk.s 			page 22


 320      0000FE3F 
 320      80FE3F80 
 320      300600
 321 0f8a 30060030 		.ascii	"0\006\0000\206\000\031\314\000\031\314\000\033l\000"
 321      860019CC 
 321      0019CC00 
 321      1B6C00
 322 0f99 1B6C001E 		.ascii	"\033l\000\036|\000\016"
 322      7C000E
 323 0fa0 38000E38 		.ascii	"8\000\0168\000\014\030\000\014\030\000\000\000\000\000"
 323      000C1800 
 323      0C180000 
 323      000000
 324 0faf 00000000 		.ascii	"\000\000\000\000\000\000\000\000\000\000\000\000\000"
 324      00000000 
 324      00000000 
 324      00
 325 0fbc 00000000 		.ascii	"\000\000\000\000\000\000\000\000\000\000\000\000\000"
 325      00000000 
 325      00000000 
 325      00
 326 0fc9 7E7E007E 		.ascii	"~~\000~~\000\030\030\000\0140\000\006`\000\003\300\000"
 326      7E001818 
 326      000C3000 
 326      06600003 
 326      C000
 327 0fdb 01800001 		.ascii	"\001\200\000\001\200\000\003\300\000\006`\000\0140\000"
 327      800003C0 
 327      00066000 
 327      0C3000
 328 0fea 1818007E 		.ascii	"\030\030\000~~\000~~\000\000\000\000\000\000\000\000"
 328      7E007E7E 
 328      00000000 
 328      00000000 
 329 0ffa 00000000 		.ascii	"\000\000\000\000\000\000\000\000\000\000\000\000\000"
 329      00000000 
 329      00000000 
 329      00
 330 1007 00000000 		.ascii	"\000\000\000\000\000\000\000\000\000\000|~\000|~\000"
 330      00000000 
 330      00007C7E 
 330      007C7E00 
 331 1017 1818000C 		.ascii	"\030\030\000\0140\000\006`\000\006`\000\003\300\000"
 331      30000660 
 331      00066000 
 331      03C000
 332 1026 01800001 		.ascii	"\001\200\000\001\200\000\001\200\000\001\200\000\001"
 332      80000180 
 332      00018000 
 332      01
 333 1033 80000FF0 		.ascii	"\200\000\017\360\000\017\360\000\000\000\000\000\000"
 333      000FF000 
 333      00000000 
 333      00
 334 1040 00000000 		.ascii	"\000\000\000\000\000\000\000\000\000\000\000\000\000"
 334      00000000 
 334      00000000 
ARM GAS  /tmp/ccAfzAqk.s 			page 23


 334      00
 335 104d 00000000 		.ascii	"\000\000\000\000\000\000\000\000\000\000\000\000\037"
 335      00000000 
 335      00000000 
 335      1F
 336 105a F8001FF8 		.ascii	"\370\000\037\370\000\030\030\000\0300\000\030`\000\030"
 336      00181800 
 336      18300018 
 336      600018
 337 1069 C0000180 		.ascii	"\300\000\001\200\000\003\000\000\006\030\000\014\030"
 337      00030000 
 337      0618000C 
 337      18
 338 1076 00181800 		.ascii	"\000\030\030\0000\030\000?\370\000?\370\000\000\000"
 338      3018003F 
 338      F8003FF8 
 338      000000
 339 1085 00000000 		.ascii	"\000\000\000\000\000\000\000\000\000\000\000\000\000"
 339      00000000 
 339      00000000 
 339      00
 340 1092 00000000 		.ascii	"\000\000\000\000\000\000\000\000\000\000\000\000\001"
 340      00000000 
 340      00000000 
 340      01
 341 109f F00001F0 		.ascii	"\360\000\001\360\000\001\200\000\001\200\000\001\200"
 341      00018000 
 341      01800001 
 341      80
 342 10ac 00018000 		.ascii	"\000\001\200\000\001\200\000\001\200\000\001\200\000"
 342      01800001 
 342      80000180 
 342      00
 343 10b9 01800001 		.ascii	"\001\200\000\001\200\000\001\200\000\001\200\000\001"
 343      80000180 
 343      00018000 
 343      01
 344 10c6 80000180 		.ascii	"\200\000\001\200\000\001\200\000\001\360\000\001\360"
 344      00018000 
 344      01F00001 
 344      F0
 345 10d3 00000000 		.ascii	"\000\000\000\000\000\000\000\000\000\000\000\000\000"
 345      00000000 
 345      00000000 
 345      00
 346 10e0 18000018 		.ascii	"\030\000\000\030\000\000\034\000\000\014\000\000\016"
 346      00001C00 
 346      000C0000 
 346      0E
 347 10ed 00000600 		.ascii	"\000\000\006\000\000\006\000\000\003\000\000\003\000"
 347      00060000 
 347      03000003 
 347      00
 348 10fa 00018000 		.ascii	"\000\001\200\000\001\200\000\000\300\000\000\300\000"
 348      01800000 
 348      C00000C0 
 348      00
ARM GAS  /tmp/ccAfzAqk.s 			page 24


 349 1107 00600000 		.ascii	"\000`\000\000`\000\000p\000\0000\000\0008\000\000\030"
 349      60000070 
 349      00003000 
 349      00380000 
 349      18
 350 1118 00001800 		.ascii	"\000\000\030\000\000\000\000\000\000\000\000\000\000"
 350      00000000 
 350      00000000 
 350      00
 351 1125 00000000 		.ascii	"\000\000\000\000\000\000\000\000\000\017\200\000\017"
 351      00000000 
 351      000F8000 
 351      0F
 352 1132 80000180 		.ascii	"\200\000\001\200\000\001\200\000\001\200\000\001\200"
 352      00018000 
 352      01800001 
 352      80
 353 113f 00018000 		.ascii	"\000\001\200\000\001\200\000\001\200\000\001\200\000"
 353      01800001 
 353      80000180 
 353      00
 354 114c 01800001 		.ascii	"\001\200\000\001\200\000\001\200\000\001\200\000\001"
 354      80000180 
 354      00018000 
 354      01
 355 1159 80000180 		.ascii	"\200\000\001\200\000\017\200\000\017\200\000\000\000"
 355      000F8000 
 355      0F800000 
 355      00
 356 1166 00000000 		.ascii	"\000\000\000\000\000\000\000\000\000\000\000\000\000"
 356      00000000 
 356      00000000 
 356      00
 357 1173 00800001 		.ascii	"\000\200\000\001\300\000\003\340\000\007p\000\0060\000"
 357      C00003E0 
 357      00077000 
 357      063000
 358 1182 0C180018 		.ascii	"\014\030\000\030\014\000\020\004\000\000\000\000\000"
 358      0C001004 
 358      00000000 
 358      00
 359 118f 00000000 		.ascii	"\000\000\000\000\000\000\000\000\000\000\000\000\000"
 359      00000000 
 359      00000000 
 359      00
 360 119c 00000000 		.ascii	"\000\000\000\000\000\000\000\000\000\000\000\000\000"
 360      00000000 
 360      00000000 
 360      00
 361 11a9 00000000 		.ascii	"\000\000\000\000\000\000\000\000\000\000\000\000\000"
 361      00000000 
 361      00000000 
 361      00
 362 11b6 00000000 		.ascii	"\000\000\000\000\000\000\000\000\000\000\000\000\000"
 362      00000000 
 362      00000000 
 362      00
ARM GAS  /tmp/ccAfzAqk.s 			page 25


 363 11c3 00000000 		.ascii	"\000\000\000\000\000\000\000\000\000\000\000\000\000"
 363      00000000 
 363      00000000 
 363      00
 364 11d0 00000000 		.ascii	"\000\000\000\000\000\000\000\000\000\000\000\000\000"
 364      00000000 
 364      00000000 
 364      00
 365 11dd 00000000 		.ascii	"\000\000\000\000\000\000\000\000\000\000\000\000\000"
 365      00000000 
 365      00000000 
 365      00
 366 11ea 00000000 		.ascii	"\000\000\000\000\000\000\000\000\000\000\000\000\000"
 366      00000000 
 366      00000000 
 366      00
 367 11f7 000000FF 		.ascii	"\000\000\000\377\377\000\377\377\000\000\000\000\003"
 367      FF00FFFF 
 367      00000000 
 367      03
 368 1204 00000380 		.ascii	"\000\000\003\200\000\000\340\000\000`\000\000\000\000"
 368      0000E000 
 368      00600000 
 368      0000
 369 1212 00000000 		.ascii	"\000\000\000\000\000\000\000\000\000\000\000\000\000"
 369      00000000 
 369      00000000 
 369      00
 370 121f 00000000 		.ascii	"\000\000\000\000\000\000\000\000\000\000\000\000\000"
 370      00000000 
 370      00000000 
 370      00
 371 122c 00000000 		.ascii	"\000\000\000\000\000\000\000\000\000\000\000\000\000"
 371      00000000 
 371      00000000 
 371      00
 372 1239 00000000 		.ascii	"\000\000\000\000\000\000\000\000\000\000\000\000\000"
 372      00000000 
 372      00000000 
 372      00
 373 1246 00000000 		.ascii	"\000\000\000\000\000\000\000\000\000\000\000\000\000"
 373      00000000 
 373      00000000 
 373      00
 374 1253 00000000 		.ascii	"\000\000\000\000\000\000\000\017\300\000\037\340\000"
 374      0000000F 
 374      C0001FE0 
 374      00
 375 1260 00300000 		.ascii	"\0000\000\0000\000\007\360\000\037\360\00080\00000\000"
 375      300007F0 
 375      001FF000 
 375      38300030 
 375      3000
 376 1272 3070001F 		.ascii	"0p\000\037\374\000\017\274\000\000\000\000\000\000\000"
 376      FC000FBC 
 376      00000000 
 376      000000
ARM GAS  /tmp/ccAfzAqk.s 			page 26


 377 1281 00000000 		.ascii	"\000\000\000\000\000\000\000\000\000\000\000\000\000"
 377      00000000 
 377      00000000 
 377      00
 378 128e 00000000 		.ascii	"\000\000\000\000\000\000\000\000x\000\000x\000\000\030"
 378      00000000 
 378      78000078 
 378      000018
 379 129d 00001800 		.ascii	"\000\000\030\000\000\033\340\000\037\370\000\034\030"
 379      001BE000 
 379      1FF8001C 
 379      18
 380 12aa 00180C00 		.ascii	"\000\030\014\000\030\014\000\030\014\000\030\014\000"
 380      180C0018 
 380      0C00180C 
 380      00
 381 12b7 180C001C 		.ascii	"\030\014\000\034\030\000\177\370\000{\340\000\000\000"
 381      18007FF8 
 381      007BE000 
 381      0000
 382 12c5 00000000 		.ascii	"\000\000\000\000\000\000\000\000\000\000\000\000\000"
 382      00000000 
 382      00000000 
 382      00
 383 12d2 00000000 		.ascii	"\000\000\000\000\000\000\000\000\000\000\000\000\000"
 383      00000000 
 383      00000000 
 383      00
 384 12df 00000000 		.ascii	"\000\000\000\000\000\000\000\000\000\000\000\003\354"
 384      00000000 
 384      00000003 
 384      EC
 385 12ec 000FFC00 		.ascii	"\000\017\374\000\034\034\0008\014\0000\014\0000\000"
 385      1C1C0038 
 385      0C00300C 
 385      003000
 386 12fb 00300000 		.ascii	"\0000\000\0008\014\000\034\034\000\017\370\000\003\360"
 386      380C001C 
 386      1C000FF8 
 386      0003F0
 387 130a 00000000 		.ascii	"\000\000\000\000\000\000\000\000\000\000\000\000\000"
 387      00000000 
 387      00000000 
 387      00
 388 1317 00000000 		.ascii	"\000\000\000\000\000\000\000\000\000\000\000\000\000"
 388      00000000 
 388      00000000 
 388      00
 389 1324 00000078 		.ascii	"\000\000\000x\000\000x\000\000\030\000\000\030\000\007"
 389      00007800 
 389      00180000 
 389      180007
 390 1333 D8001FF8 		.ascii	"\330\000\037\370\000\0308\0000\030\0000\030\0000\030"
 390      00183800 
 390      30180030 
 390      18003018 
 391 1343 00301800 		.ascii	"\0000\030\0000\030\000\0308\000\037\376\000\007\336"
ARM GAS  /tmp/ccAfzAqk.s 			page 27


 391      30180018 
 391      38001FFE 
 391      0007DE
 392 1352 00000000 		.ascii	"\000\000\000\000\000\000\000\000\000\000\000\000\000"
 392      00000000 
 392      00000000 
 392      00
 393 135f 00000000 		.ascii	"\000\000\000\000\000\000\000\000\000\000\000\000\000"
 393      00000000 
 393      00000000 
 393      00
 394 136c 00000000 		.ascii	"\000\000\000\000\000\000\000\000\000\000\000\000\000"
 394      00000000 
 394      00000000 
 394      00
 395 1379 0007E000 		.ascii	"\000\007\340\000\037\370\000\030\030\0000\014\000?\374"
 395      1FF80018 
 395      1800300C 
 395      003FFC
 396 1388 003FFC00 		.ascii	"\000?\374\0000\000\0000\000\000\030\014\000\037\374"
 396      30000030 
 396      0000180C 
 396      001FFC
 397 1397 0007F000 		.ascii	"\000\007\360\000\000\000\000\000\000\000\000\000\000"
 397      00000000 
 397      00000000 
 397      00
 398 13a4 00000000 		.ascii	"\000\000\000\000\000\000\000\000\000\000\000\000\000"
 398      00000000 
 398      00000000 
 398      00
 399 13b1 00000000 		.ascii	"\000\000\000\000\000\001\374\000\003\374\000\006\000"
 399      0001FC00 
 399      03FC0006 
 399      00
 400 13be 00060000 		.ascii	"\000\006\000\000?\370\000?\370\000\006\000\000\006\000"
 400      3FF8003F 
 400      F8000600 
 400      000600
 401 13cd 00060000 		.ascii	"\000\006\000\000\006\000\000\006\000\000\006\000\000"
 401      06000006 
 401      00000600 
 401      00
 402 13da 0600003F 		.ascii	"\006\000\000?\360\000?\360\000\000\000\000\000\000\000"
 402      F0003FF0 
 402      00000000 
 402      000000
 403 13e9 00000000 		.ascii	"\000\000\000\000\000\000\000\000\000\000\000\000\000"
 403      00000000 
 403      00000000 
 403      00
 404 13f6 00000000 		.ascii	"\000\000\000\000\000\000\000\000\000\000\000\000\000"
 404      00000000 
 404      00000000 
 404      00
 405 1403 00000000 		.ascii	"\000\000\000\000\000\000\000\007\336\000\037\376\000"
 405      00000007 
ARM GAS  /tmp/ccAfzAqk.s 			page 28


 405      DE001FFE 
 405      00
 406 1410 18380030 		.ascii	"\0308\0000\030\0000\030\0000\030\0000\030\0000\030\000"
 406      18003018 
 406      00301800 
 406      30180030 
 406      1800
 407 1422 1838001F 		.ascii	"\0308\000\037\370\000\007\330\000\000\030\000\000\030"
 407      F80007D8 
 407      00001800 
 407      0018
 408 1430 00003800 		.ascii	"\000\0008\000\017\360\000\017\300\000\000\000\000\000"
 408      0FF0000F 
 408      C0000000 
 408      0000
 409 143e 00000000 		.ascii	"\000\000\000\000\000\000\000\000x\000\000x\000\000\030"
 409      00000000 
 409      78000078 
 409      000018
 410 144d 00001800 		.ascii	"\000\000\030\000\000\033\340\000\037\360\000\0348\000"
 410      001BE000 
 410      1FF0001C 
 410      3800
 411 145b 18180018 		.ascii	"\030\030\000\030\030\000\030\030\000\030\030\000\030"
 411      18001818 
 411      00181800 
 411      18
 412 1468 18001818 		.ascii	"\030\000\030\030\000~~\000~~\000\000\000\000\000\000"
 412      007E7E00 
 412      7E7E0000 
 412      00000000 
 413 1478 00000000 		.ascii	"\000\000\000\000\000\000\000\000\000\000\000\000\000"
 413      00000000 
 413      00000000 
 413      00
 414 1485 00000000 		.ascii	"\000\000\000\000\000\000\000\000\000\001\200\000\001"
 414      00000000 
 414      00018000 
 414      01
 415 1492 80000000 		.ascii	"\200\000\000\000\000\000\000\000\037\200\000\037\200"
 415      00000000 
 415      1F80001F 
 415      80
 416 149f 00018000 		.ascii	"\000\001\200\000\001\200\000\001\200\000\001\200\000"
 416      01800001 
 416      80000180 
 416      00
 417 14ac 01800001 		.ascii	"\001\200\000\001\200\000\001\200\000?\374\000?\374\000"
 417      80000180 
 417      003FFC00 
 417      3FFC00
 418 14bb 00000000 		.ascii	"\000\000\000\000\000\000\000\000\000\000\000\000\000"
 418      00000000 
 418      00000000 
 418      00
 419 14c8 00000000 		.ascii	"\000\000\000\000\000\000\000\000\000\000\000\000\000"
 419      00000000 
ARM GAS  /tmp/ccAfzAqk.s 			page 29


 419      00000000 
 419      00
 420 14d5 0000C000 		.ascii	"\000\000\300\000\000\300\000\000\000\000\000\000\000"
 420      00C00000 
 420      00000000 
 420      00
 421 14e2 1FF0001F 		.ascii	"\037\360\000\037\360\000\0000\000\0000\000\0000\000"
 421      F0000030 
 421      00003000 
 421      003000
 422 14f1 00300000 		.ascii	"\0000\000\0000\000\0000\000\0000\000\0000\000\0000\000"
 422      30000030 
 422      00003000 
 422      00300000 
 422      3000
 423 1503 00300000 		.ascii	"\0000\000\0000\000\000p\000\037\340\000\037\200\000"
 423      30000070 
 423      001FE000 
 423      1F8000
 424 1512 00000000 		.ascii	"\000\000\000\000\000\000\000\000\000\000\000\000<\000"
 424      00000000 
 424      00000000 
 424      3C00
 425 1520 003C0000 		.ascii	"\000<\000\000\014\000\000\014\000\000\014\370\000\014"
 425      0C00000C 
 425      00000CF8 
 425      000C
 426 152e F8000CC0 		.ascii	"\370\000\014\300\000\015\200\000\017\200\000\017\000"
 426      000D8000 
 426      0F80000F 
 426      00
 427 153b 000F8000 		.ascii	"\000\017\200\000\015\300\000\014\340\000<|\000<|\000"
 427      0DC0000C 
 427      E0003C7C 
 427      003C7C00 
 428 154b 00000000 		.ascii	"\000\000\000\000\000\000\000\000\000\000\000\000\000"
 428      00000000 
 428      00000000 
 428      00
 429 1558 00000000 		.ascii	"\000\000\000\000\000\000\000\000\000\000\000\000\000"
 429      00000000 
 429      00000000 
 429      00
 430 1565 001F8000 		.ascii	"\000\037\200\000\037\200\000\001\200\000\001\200\000"
 430      1F800001 
 430      80000180 
 430      00
 431 1572 01800001 		.ascii	"\001\200\000\001\200\000\001\200\000\001\200\000\001"
 431      80000180 
 431      00018000 
 431      01
 432 157f 80000180 		.ascii	"\200\000\001\200\000\001\200\000\001\200\000\001\200"
 432      00018000 
 432      01800001 
 432      80
 433 158c 003FFC00 		.ascii	"\000?\374\000?\374\000\000\000\000\000\000\000\000\000"
 433      3FFC0000 
ARM GAS  /tmp/ccAfzAqk.s 			page 30


 433      00000000 
 433      000000
 434 159b 00000000 		.ascii	"\000\000\000\000\000\000\000\000\000\000\000\000\000"
 434      00000000 
 434      00000000 
 434      00
 435 15a8 00000000 		.ascii	"\000\000\000\000\000\000\000\000\000\000\000\000\000"
 435      00000000 
 435      00000000 
 435      00
 436 15b5 00000000 		.ascii	"\000\000\000\000\000\367x\000\377\374\0009\314\0001"
 436      00F77800 
 436      FFFC0039 
 436      CC0031
 437 15c4 8C00318C 		.ascii	"\214\0001\214\0001\214\0001\214\0001\214\0001\214\000"
 437      00318C00 
 437      318C0031 
 437      8C00318C 
 437      00
 438 15d5 FDEF00FD 		.ascii	"\375\357\000\375\357\000\000\000\000\000\000\000\000"
 438      EF000000 
 438      00000000 
 438      00
 439 15e2 00000000 		.ascii	"\000\000\000\000\000\000\000\000\000\000\000\000\000"
 439      00000000 
 439      00000000 
 439      00
 440 15ef 00000000 		.ascii	"\000\000\000\000\000\000\000\000\000\000\000\000\000"
 440      00000000 
 440      00000000 
 440      00
 441 15fc 00000000 		.ascii	"\000\000\000\000\000\000{\340\000\177\360\000\0348\000"
 441      00007BE0 
 441      007FF000 
 441      1C3800
 442 160b 18180018 		.ascii	"\030\030\000\030\030\000\030\030\000\030\030\000\030"
 442      18001818 
 442      00181800 
 442      18
 443 1618 18001818 		.ascii	"\030\000\030\030\000~~\000~~\000\000\000\000\000\000"
 443      007E7E00 
 443      7E7E0000 
 443      00000000 
 444 1628 00000000 		.ascii	"\000\000\000\000\000\000\000\000\000\000\000\000\000"
 444      00000000 
 444      00000000 
 444      00
 445 1635 00000000 		.ascii	"\000\000\000\000\000\000\000\000\000\000\000\000\000"
 445      00000000 
 445      00000000 
 445      00
 446 1642 00000000 		.ascii	"\000\000\000\000\000\000\000\000\003\300\000\017\360"
 446      00000000 
 446      03C0000F 
 446      F0
 447 164f 001C3800 		.ascii	"\000\0348\0008\034\0000\014\0000\014\0000\014\0008\034"
 447      381C0030 
ARM GAS  /tmp/ccAfzAqk.s 			page 31


 447      0C00300C 
 447      00300C00 
 447      381C
 448 1661 001C3800 		.ascii	"\000\0348\000\017\360\000\003\300\000\000\000\000\000"
 448      0FF00003 
 448      C0000000 
 448      0000
 449 166f 00000000 		.ascii	"\000\000\000\000\000\000\000\000\000\000\000\000\000"
 449      00000000 
 449      00000000 
 449      00
 450 167c 00000000 		.ascii	"\000\000\000\000\000\000\000\000\000\000\000\000\000"
 450      00000000 
 450      00000000 
 450      00
 451 1689 00000000 		.ascii	"\000\000\000\000\000\000\000\000\000{\340\000\177\370"
 451      00000000 
 451      007BE000 
 451      7FF8
 452 1697 001C1800 		.ascii	"\000\034\030\000\030\014\000\030\014\000\030\014\000"
 452      180C0018 
 452      0C00180C 
 452      00
 453 16a4 180C0018 		.ascii	"\030\014\000\030\014\000\034\030\000\037\370\000\033"
 453      0C001C18 
 453      001FF800 
 453      1B
 454 16b1 E0001800 		.ascii	"\340\000\030\000\000\030\000\000\030\000\000\177\000"
 454      00180000 
 454      1800007F 
 454      00
 455 16be 007F0000 		.ascii	"\000\177\000\000\000\000\000\000\000\000\000\000\000"
 455      00000000 
 455      00000000 
 455      00
 456 16cb 00000000 		.ascii	"\000\000\000\000\000\000\000\000\000\000\000\000\000"
 456      00000000 
 456      00000000 
 456      00
 457 16d8 000007DE 		.ascii	"\000\000\007\336\000\037\376\000\0308\0000\030\0000"
 457      001FFE00 
 457      18380030 
 457      180030
 458 16e7 18003018 		.ascii	"\030\0000\030\0000\030\0000\030\000\0308\000\037\370"
 458      00301800 
 458      30180018 
 458      38001FF8 
 459 16f7 0007D800 		.ascii	"\000\007\330\000\000\030\000\000\030\000\000\030\000"
 459      00180000 
 459      18000018 
 459      00
 460 1704 00FE0000 		.ascii	"\000\376\000\000\376\000\000\000\000\000\000\000\000"
 460      FE000000 
 460      00000000 
 460      00
 461 1711 00000000 		.ascii	"\000\000\000\000\000\000\000\000\000\000\000\000\000"
 461      00000000 
ARM GAS  /tmp/ccAfzAqk.s 			page 32


 461      00000000 
 461      00
 462 171e 00000000 		.ascii	"\000\000\000\000>x\000>\374\000\007\314\000\007\000"
 462      3E78003E 
 462      FC0007CC 
 462      000700
 463 172d 00060000 		.ascii	"\000\006\000\000\006\000\000\006\000\000\006\000\000"
 463      06000006 
 463      00000600 
 463      00
 464 173a 0600003F 		.ascii	"\006\000\000?\360\000?\360\000\000\000\000\000\000\000"
 464      F0003FF0 
 464      00000000 
 464      000000
 465 1749 00000000 		.ascii	"\000\000\000\000\000\000\000\000\000\000\000\000\000"
 465      00000000 
 465      00000000 
 465      00
 466 1756 00000000 		.ascii	"\000\000\000\000\000\000\000\000\000\000\000\000\000"
 466      00000000 
 466      00000000 
 466      00
 467 1763 00000000 		.ascii	"\000\000\000\000\000\000\000\007\370\000\017\370\000"
 467      00000007 
 467      F8000FF8 
 467      00
 468 1770 18180018 		.ascii	"\030\030\000\030\030\000\037\200\000\017\360\000\000"
 468      18001F80 
 468      000FF000 
 468      00
 469 177d F8001818 		.ascii	"\370\000\030\030\000\0308\000\037\360\000\037\340\000"
 469      00183800 
 469      1FF0001F 
 469      E000
 470 178b 00000000 		.ascii	"\000\000\000\000\000\000\000\000\000\000\000\000\000"
 470      00000000 
 470      00000000 
 470      00
 471 1798 00000000 		.ascii	"\000\000\000\000\000\000\000\000\000\000\000\000\000"
 471      00000000 
 471      00000000 
 471      00
 472 17a5 000C0000 		.ascii	"\000\014\000\000\014\000\000\014\000\000\014\000\000"
 472      0C00000C 
 472      00000C00 
 472      00
 473 17b2 3FF0003F 		.ascii	"?\360\000?\360\000\014\000\000\014\000\000\014\000\000"
 473      F0000C00 
 473      000C0000 
 473      0C0000
 474 17c1 0C00000C 		.ascii	"\014\000\000\014\000\000\014\000\000\014\034\000\007"
 474      00000C00 
 474      000C1C00 
 474      07
 475 17ce FC0003F0 		.ascii	"\374\000\003\360\000\000\000\000\000\000\000\000\000"
 475      00000000 
 475      00000000 
ARM GAS  /tmp/ccAfzAqk.s 			page 33


 475      00
 476 17db 00000000 		.ascii	"\000\000\000\000\000\000\000\000\000\000\000\000\000"
 476      00000000 
 476      00000000 
 476      00
 477 17e8 00000000 		.ascii	"\000\000\000\000\000\000\000\000\000\000\000\000\000"
 477      00000000 
 477      00000000 
 477      00
 478 17f5 00000000 		.ascii	"\000\000\000\000\000xx\000xx\000\030\030\000\030\030"
 478      00787800 
 478      78780018 
 478      18001818 
 479 1805 00181800 		.ascii	"\000\030\030\000\030\030\000\030\030\000\030\030\000"
 479      18180018 
 479      18001818 
 479      00
 480 1812 1838000F 		.ascii	"\0308\000\017\376\000\007\336\000\000\000\000\000\000"
 480      FE0007DE 
 480      00000000 
 480      0000
 481 1820 00000000 		.ascii	"\000\000\000\000\000\000\000\000\000\000\000\000\000"
 481      00000000 
 481      00000000 
 481      00
 482 182d 00000000 		.ascii	"\000\000\000\000\000\000\000\000\000\000\000\000\000"
 482      00000000 
 482      00000000 
 482      00
 483 183a 00000000 		.ascii	"\000\000\000\000\000\000\000\000|>\000|>\000\030\030"
 483      00000000 
 483      7C3E007C 
 483      3E001818 
 484 184a 00181800 		.ascii	"\000\030\030\000\0140\000\0140\000\006`\000\006`\000"
 484      0C30000C 
 484      30000660 
 484      00066000 
 485 185a 07E00003 		.ascii	"\007\340\000\003\300\000\003\300\000\000\000\000\000"
 485      C00003C0 
 485      00000000 
 485      00
 486 1867 00000000 		.ascii	"\000\000\000\000\000\000\000\000\000\000\000\000\000"
 486      00000000 
 486      00000000 
 486      00
 487 1874 00000000 		.ascii	"\000\000\000\000\000\000\000\000\000\000\000\000\000"
 487      00000000 
 487      00000000 
 487      00
 488 1881 00000000 		.ascii	"\000\000\000\000\000\000\000\000\000x<\000x<\0001\030"
 488      00000000 
 488      00783C00 
 488      783C0031 
 488      18
 489 1892 00339800 		.ascii	"\0003\230\0003\230\000\032\260\000\036\360\000\036\360"
 489      3398001A 
 489      B0001EF0 
ARM GAS  /tmp/ccAfzAqk.s 			page 34


 489      001EF0
 490 18a1 001C6000 		.ascii	"\000\034`\000\014`\000\014`\000\000\000\000\000\000"
 490      0C60000C 
 490      60000000 
 490      000000
 491 18b0 00000000 		.ascii	"\000\000\000\000\000\000\000\000\000\000\000\000\000"
 491      00000000 
 491      00000000 
 491      00
 492 18bd 00000000 		.ascii	"\000\000\000\000\000\000\000\000\000\000\000\000\000"
 492      00000000 
 492      00000000 
 492      00
 493 18ca 00000000 		.ascii	"\000\000\000\000\000\000\000\000>|\000>|\000\0140\000"
 493      00000000 
 493      3E7C003E 
 493      7C000C30 
 493      00
 494 18db 06600003 		.ascii	"\006`\000\003\300\000\001\200\000\003\300\000\006`\000"
 494      C0000180 
 494      0003C000 
 494      066000
 495 18ea 0C30003E 		.ascii	"\0140\000>|\000>|\000\000\000\000\000\000\000\000\000"
 495      7C003E7C 
 495      00000000 
 495      00000000 
 495      00
 496 18fb 00000000 		.ascii	"\000\000\000\000\000\000\000\000\000\000\000\000\000"
 496      00000000 
 496      00000000 
 496      00
 497 1908 00000000 		.ascii	"\000\000\000\000\000\000\000\000\000\000\000\000\000"
 497      00000000 
 497      00000000 
 497      00
 498 1915 00000000 		.ascii	"\000\000\000\000\000~\037\000~\037\000\030\014\000\014"
 498      007E1F00 
 498      7E1F0018 
 498      0C000C
 499 1924 18000C18 		.ascii	"\030\000\014\030\000\0060\000\0060\000\003`\000\003"
 499      00063000 
 499      06300003 
 499      600003
 500 1933 E00001C0 		.ascii	"\340\000\001\300\000\000\300\000\001\200\000\001\200"
 500      0000C000 
 500      01800001 
 500      80
 501 1940 00030000 		.ascii	"\000\003\000\000?\300\000?\300\000\000\000\000\000\000"
 501      3FC0003F 
 501      C0000000 
 501      000000
 502 194f 00000000 		.ascii	"\000\000\000\000\000\000\000\000\000\000\000\000\000"
 502      00000000 
 502      00000000 
 502      00
 503 195c 00000000 		.ascii	"\000\000\000\000\000\000\037\370\000\037\370\000\030"
 503      00001FF8 
ARM GAS  /tmp/ccAfzAqk.s 			page 35


 503      001FF800 
 503      18
 504 1969 30001860 		.ascii	"0\000\030`\000\000\300\000\001\200\000\003\000\000\006"
 504      0000C000 
 504      01800003 
 504      000006
 505 1978 18000C18 		.ascii	"\030\000\014\030\000\037\370\000\037\370\000\000\000"
 505      001FF800 
 505      1FF80000 
 505      00
 506 1985 00000000 		.ascii	"\000\000\000\000\000\000\000\000\000\000\000\000\000"
 506      00000000 
 506      00000000 
 506      00
 507 1992 00000000 		.ascii	"\000\000\000\000\000\000\000\000\000\000\000\000\000"
 507      00000000 
 507      00000000 
 507      00
 508 199f E00001E0 		.ascii	"\340\000\001\340\000\001\200\000\001\200\000\001\200"
 508      00018000 
 508      01800001 
 508      80
 509 19ac 00018000 		.ascii	"\000\001\200\000\001\200\000\001\200\000\003\200\000"
 509      01800001 
 509      80000380 
 509      00
 510 19b9 07000003 		.ascii	"\007\000\000\003\200\000\001\200\000\001\200\000\001"
 510      80000180 
 510      00018000 
 510      01
 511 19c6 80000180 		.ascii	"\200\000\001\200\000\001\200\000\001\340\000\000\340"
 511      00018000 
 511      01E00000 
 511      E0
 512 19d3 00000000 		.ascii	"\000\000\000\000\000\000\000\000\000\000\000\000\000"
 512      00000000 
 512      00000000 
 512      00
 513 19e0 00000000 		.ascii	"\000\000\000\000\000\000\001\200\000\001\200\000\001"
 513      00000180 
 513      00018000 
 513      01
 514 19ed 80000180 		.ascii	"\200\000\001\200\000\001\200\000\001\200\000\001\200"
 514      00018000 
 514      01800001 
 514      80
 515 19fa 00018000 		.ascii	"\000\001\200\000\001\200\000\001\200\000\001\200\000"
 515      01800001 
 515      80000180 
 515      00
 516 1a07 01800001 		.ascii	"\001\200\000\001\200\000\001\200\000\001\200\000\001"
 516      80000180 
 516      00018000 
 516      01
 517 1a14 80000180 		.ascii	"\200\000\001\200\000\001\200\000\000\000\000\000\000"
 517      00018000 
 517      00000000 
ARM GAS  /tmp/ccAfzAqk.s 			page 36


 517      00
 518 1a21 00000000 		.ascii	"\000\000\000\000\000\000\000\000\000\000\000\000\000"
 518      00000000 
 518      00000000 
 518      00
 519 1a2e 07000007 		.ascii	"\007\000\000\007\200\000\001\200\000\001\200\000\001"
 519      80000180 
 519      00018000 
 519      01
 520 1a3b 80000180 		.ascii	"\200\000\001\200\000\001\200\000\001\200\000\001\300"
 520      00018000 
 520      01800001 
 520      C0
 521 1a48 0000E000 		.ascii	"\000\000\340\000\001\300\000\001\200\000\001\200\000"
 521      01C00001 
 521      80000180 
 521      00
 522 1a55 01800001 		.ascii	"\001\200\000\001\200\000\001\200\000\007\200\000\007"
 522      80000180 
 522      00078000 
 522      07
 523 1a62 00000000 		.ascii	"\000\000\000\000\000\000\000\000\000\000\000\000\000"
 523      00000000 
 523      00000000 
 523      00
 524 1a6f 00000000 		.ascii	"\000\000\000\000\000\000\000\000\000\000\000\000\000"
 524      00000000 
 524      00000000 
 524      00
 525 1a7c 00000000 		.ascii	"\000\000\000\000\000\000\000\000\000\000\000\000\016"
 525      00000000 
 525      00000000 
 525      0E
 526 1a89 00001F18 		.ascii	"\000\000\037\030\000;\270\0001\360\000\000\340\000\000"
 526      003BB800 
 526      31F00000 
 526      E00000
 527 1a98 00000000 		.ascii	"\000\000\000\000\000\000\000\000\000\000\000\000\000"
 527      00000000 
 527      00000000 
 527      00
 528 1aa5 00000000 		.ascii	"\000\000\000\000\000\000\000\000\000\000\000\000\000"
 528      00000000 
 528      00000000 
 528      00
 529 1ab2 00000000 		.ascii	"\000\000\000\000\000\000"
 529      0000
 530              		.text
 531              	.Letext0:
 532              		.file 1 "/usr/lib/gcc/arm-none-eabi/9.2.1/include/stdint.h"
 533              		.file 2 "Inc/fonts.h"
 534              		.file 3 "Src/font24.c"
ARM GAS  /tmp/ccAfzAqk.s 			page 37


DEFINED SYMBOLS
                            *ABS*:0000000000000000 font24.c
     /tmp/ccAfzAqk.s:21     .data.Font24:0000000000000000 Font24
     /tmp/ccAfzAqk.s:29     .rodata.Font24_Table:0000000000000000 Font24_Table
     /tmp/ccAfzAqk.s:18     .data.Font24:0000000000000000 $d
     /tmp/ccAfzAqk.s:26     .rodata.Font24_Table:0000000000000000 $d

NO UNDEFINED SYMBOLS
