ARM GAS  /tmp/ccH09lbT.s 			page 1


   1              		.cpu cortex-m0
   2              		.eabi_attribute 20, 1
   3              		.eabi_attribute 21, 1
   4              		.eabi_attribute 23, 3
   5              		.eabi_attribute 24, 1
   6              		.eabi_attribute 25, 1
   7              		.eabi_attribute 26, 1
   8              		.eabi_attribute 30, 1
   9              		.eabi_attribute 34, 0
  10              		.eabi_attribute 18, 4
  11              		.file	"stm32f0xx_hal_pcd_ex.c"
  12              		.text
  13              	.Ltext0:
  14              		.cfi_sections	.debug_frame
  15              		.section	.text.HAL_PCDEx_PMAConfig,"ax",%progbits
  16              		.align	1
  17              		.global	HAL_PCDEx_PMAConfig
  18              		.arch armv6s-m
  19              		.syntax unified
  20              		.code	16
  21              		.thumb_func
  22              		.fpu softvfp
  24              	HAL_PCDEx_PMAConfig:
  25              	.LVL0:
  26              	.LFB40:
  27              		.file 1 "Drivers/STM32F0xx_HAL_Driver/Src/stm32f0xx_hal_pcd_ex.c"
   1:Drivers/STM32F0xx_HAL_Driver/Src/stm32f0xx_hal_pcd_ex.c **** /**
   2:Drivers/STM32F0xx_HAL_Driver/Src/stm32f0xx_hal_pcd_ex.c ****   ******************************************************************************
   3:Drivers/STM32F0xx_HAL_Driver/Src/stm32f0xx_hal_pcd_ex.c ****   * @file    stm32f0xx_hal_pcd_ex.c
   4:Drivers/STM32F0xx_HAL_Driver/Src/stm32f0xx_hal_pcd_ex.c ****   * @author  MCD Application Team
   5:Drivers/STM32F0xx_HAL_Driver/Src/stm32f0xx_hal_pcd_ex.c ****   * @brief   PCD Extended HAL module driver.
   6:Drivers/STM32F0xx_HAL_Driver/Src/stm32f0xx_hal_pcd_ex.c ****   *          This file provides firmware functions to manage the following
   7:Drivers/STM32F0xx_HAL_Driver/Src/stm32f0xx_hal_pcd_ex.c ****   *          functionalities of the USB Peripheral Controller:
   8:Drivers/STM32F0xx_HAL_Driver/Src/stm32f0xx_hal_pcd_ex.c ****   *           + Extended features functions
   9:Drivers/STM32F0xx_HAL_Driver/Src/stm32f0xx_hal_pcd_ex.c ****   *
  10:Drivers/STM32F0xx_HAL_Driver/Src/stm32f0xx_hal_pcd_ex.c ****   ******************************************************************************
  11:Drivers/STM32F0xx_HAL_Driver/Src/stm32f0xx_hal_pcd_ex.c ****   * @attention
  12:Drivers/STM32F0xx_HAL_Driver/Src/stm32f0xx_hal_pcd_ex.c ****   *
  13:Drivers/STM32F0xx_HAL_Driver/Src/stm32f0xx_hal_pcd_ex.c ****   * <h2><center>&copy; Copyright (c) 2016 STMicroelectronics.
  14:Drivers/STM32F0xx_HAL_Driver/Src/stm32f0xx_hal_pcd_ex.c ****   * All rights reserved.</center></h2>
  15:Drivers/STM32F0xx_HAL_Driver/Src/stm32f0xx_hal_pcd_ex.c ****   *
  16:Drivers/STM32F0xx_HAL_Driver/Src/stm32f0xx_hal_pcd_ex.c ****   * This software component is licensed by ST under BSD 3-Clause license,
  17:Drivers/STM32F0xx_HAL_Driver/Src/stm32f0xx_hal_pcd_ex.c ****   * the "License"; You may not use this file except in compliance with the
  18:Drivers/STM32F0xx_HAL_Driver/Src/stm32f0xx_hal_pcd_ex.c ****   * License. You may obtain a copy of the License at:
  19:Drivers/STM32F0xx_HAL_Driver/Src/stm32f0xx_hal_pcd_ex.c ****   *                        opensource.org/licenses/BSD-3-Clause
  20:Drivers/STM32F0xx_HAL_Driver/Src/stm32f0xx_hal_pcd_ex.c ****   *
  21:Drivers/STM32F0xx_HAL_Driver/Src/stm32f0xx_hal_pcd_ex.c ****   ******************************************************************************
  22:Drivers/STM32F0xx_HAL_Driver/Src/stm32f0xx_hal_pcd_ex.c ****   */
  23:Drivers/STM32F0xx_HAL_Driver/Src/stm32f0xx_hal_pcd_ex.c **** 
  24:Drivers/STM32F0xx_HAL_Driver/Src/stm32f0xx_hal_pcd_ex.c **** /* Includes ------------------------------------------------------------------*/
  25:Drivers/STM32F0xx_HAL_Driver/Src/stm32f0xx_hal_pcd_ex.c **** #include "stm32f0xx_hal.h"
  26:Drivers/STM32F0xx_HAL_Driver/Src/stm32f0xx_hal_pcd_ex.c **** 
  27:Drivers/STM32F0xx_HAL_Driver/Src/stm32f0xx_hal_pcd_ex.c **** /** @addtogroup STM32F0xx_HAL_Driver
  28:Drivers/STM32F0xx_HAL_Driver/Src/stm32f0xx_hal_pcd_ex.c ****   * @{
  29:Drivers/STM32F0xx_HAL_Driver/Src/stm32f0xx_hal_pcd_ex.c ****   */
  30:Drivers/STM32F0xx_HAL_Driver/Src/stm32f0xx_hal_pcd_ex.c **** 
  31:Drivers/STM32F0xx_HAL_Driver/Src/stm32f0xx_hal_pcd_ex.c **** /** @defgroup PCDEx PCDEx
ARM GAS  /tmp/ccH09lbT.s 			page 2


  32:Drivers/STM32F0xx_HAL_Driver/Src/stm32f0xx_hal_pcd_ex.c ****   * @brief PCD Extended HAL module driver
  33:Drivers/STM32F0xx_HAL_Driver/Src/stm32f0xx_hal_pcd_ex.c ****   * @{
  34:Drivers/STM32F0xx_HAL_Driver/Src/stm32f0xx_hal_pcd_ex.c ****   */
  35:Drivers/STM32F0xx_HAL_Driver/Src/stm32f0xx_hal_pcd_ex.c **** 
  36:Drivers/STM32F0xx_HAL_Driver/Src/stm32f0xx_hal_pcd_ex.c **** #ifdef HAL_PCD_MODULE_ENABLED
  37:Drivers/STM32F0xx_HAL_Driver/Src/stm32f0xx_hal_pcd_ex.c **** 
  38:Drivers/STM32F0xx_HAL_Driver/Src/stm32f0xx_hal_pcd_ex.c **** #if defined (USB)
  39:Drivers/STM32F0xx_HAL_Driver/Src/stm32f0xx_hal_pcd_ex.c **** /* Private types -------------------------------------------------------------*/
  40:Drivers/STM32F0xx_HAL_Driver/Src/stm32f0xx_hal_pcd_ex.c **** /* Private variables ---------------------------------------------------------*/
  41:Drivers/STM32F0xx_HAL_Driver/Src/stm32f0xx_hal_pcd_ex.c **** /* Private constants ---------------------------------------------------------*/
  42:Drivers/STM32F0xx_HAL_Driver/Src/stm32f0xx_hal_pcd_ex.c **** /* Private macros ------------------------------------------------------------*/
  43:Drivers/STM32F0xx_HAL_Driver/Src/stm32f0xx_hal_pcd_ex.c **** /* Private functions ---------------------------------------------------------*/
  44:Drivers/STM32F0xx_HAL_Driver/Src/stm32f0xx_hal_pcd_ex.c **** /* Exported functions --------------------------------------------------------*/
  45:Drivers/STM32F0xx_HAL_Driver/Src/stm32f0xx_hal_pcd_ex.c **** 
  46:Drivers/STM32F0xx_HAL_Driver/Src/stm32f0xx_hal_pcd_ex.c **** /** @defgroup PCDEx_Exported_Functions PCDEx Exported Functions
  47:Drivers/STM32F0xx_HAL_Driver/Src/stm32f0xx_hal_pcd_ex.c ****   * @{
  48:Drivers/STM32F0xx_HAL_Driver/Src/stm32f0xx_hal_pcd_ex.c ****   */
  49:Drivers/STM32F0xx_HAL_Driver/Src/stm32f0xx_hal_pcd_ex.c **** 
  50:Drivers/STM32F0xx_HAL_Driver/Src/stm32f0xx_hal_pcd_ex.c **** /** @defgroup PCDEx_Exported_Functions_Group1 Peripheral Control functions
  51:Drivers/STM32F0xx_HAL_Driver/Src/stm32f0xx_hal_pcd_ex.c ****   * @brief    PCDEx control functions
  52:Drivers/STM32F0xx_HAL_Driver/Src/stm32f0xx_hal_pcd_ex.c ****  *
  53:Drivers/STM32F0xx_HAL_Driver/Src/stm32f0xx_hal_pcd_ex.c **** @verbatim
  54:Drivers/STM32F0xx_HAL_Driver/Src/stm32f0xx_hal_pcd_ex.c ****  ===============================================================================
  55:Drivers/STM32F0xx_HAL_Driver/Src/stm32f0xx_hal_pcd_ex.c ****                  ##### Extended features functions #####
  56:Drivers/STM32F0xx_HAL_Driver/Src/stm32f0xx_hal_pcd_ex.c ****  ===============================================================================
  57:Drivers/STM32F0xx_HAL_Driver/Src/stm32f0xx_hal_pcd_ex.c ****     [..]  This section provides functions allowing to:
  58:Drivers/STM32F0xx_HAL_Driver/Src/stm32f0xx_hal_pcd_ex.c ****       (+) Update FIFO configuration
  59:Drivers/STM32F0xx_HAL_Driver/Src/stm32f0xx_hal_pcd_ex.c **** 
  60:Drivers/STM32F0xx_HAL_Driver/Src/stm32f0xx_hal_pcd_ex.c **** @endverbatim
  61:Drivers/STM32F0xx_HAL_Driver/Src/stm32f0xx_hal_pcd_ex.c ****   * @{
  62:Drivers/STM32F0xx_HAL_Driver/Src/stm32f0xx_hal_pcd_ex.c ****   */
  63:Drivers/STM32F0xx_HAL_Driver/Src/stm32f0xx_hal_pcd_ex.c **** 
  64:Drivers/STM32F0xx_HAL_Driver/Src/stm32f0xx_hal_pcd_ex.c **** /**
  65:Drivers/STM32F0xx_HAL_Driver/Src/stm32f0xx_hal_pcd_ex.c ****   * @brief  Configure PMA for EP
  66:Drivers/STM32F0xx_HAL_Driver/Src/stm32f0xx_hal_pcd_ex.c ****   * @param  hpcd  Device instance
  67:Drivers/STM32F0xx_HAL_Driver/Src/stm32f0xx_hal_pcd_ex.c ****   * @param  ep_addr endpoint address
  68:Drivers/STM32F0xx_HAL_Driver/Src/stm32f0xx_hal_pcd_ex.c ****   * @param  ep_kind endpoint Kind
  69:Drivers/STM32F0xx_HAL_Driver/Src/stm32f0xx_hal_pcd_ex.c ****   *                  USB_SNG_BUF: Single Buffer used
  70:Drivers/STM32F0xx_HAL_Driver/Src/stm32f0xx_hal_pcd_ex.c ****   *                  USB_DBL_BUF: Double Buffer used
  71:Drivers/STM32F0xx_HAL_Driver/Src/stm32f0xx_hal_pcd_ex.c ****   * @param  pmaadress: EP address in The PMA: In case of single buffer endpoint
  72:Drivers/STM32F0xx_HAL_Driver/Src/stm32f0xx_hal_pcd_ex.c ****   *                   this parameter is 16-bit value providing the address
  73:Drivers/STM32F0xx_HAL_Driver/Src/stm32f0xx_hal_pcd_ex.c ****   *                   in PMA allocated to endpoint.
  74:Drivers/STM32F0xx_HAL_Driver/Src/stm32f0xx_hal_pcd_ex.c ****   *                   In case of double buffer endpoint this parameter
  75:Drivers/STM32F0xx_HAL_Driver/Src/stm32f0xx_hal_pcd_ex.c ****   *                   is a 32-bit value providing the endpoint buffer 0 address
  76:Drivers/STM32F0xx_HAL_Driver/Src/stm32f0xx_hal_pcd_ex.c ****   *                   in the LSB part of 32-bit value and endpoint buffer 1 address
  77:Drivers/STM32F0xx_HAL_Driver/Src/stm32f0xx_hal_pcd_ex.c ****   *                   in the MSB part of 32-bit value.
  78:Drivers/STM32F0xx_HAL_Driver/Src/stm32f0xx_hal_pcd_ex.c ****   * @retval HAL status
  79:Drivers/STM32F0xx_HAL_Driver/Src/stm32f0xx_hal_pcd_ex.c ****   */
  80:Drivers/STM32F0xx_HAL_Driver/Src/stm32f0xx_hal_pcd_ex.c **** 
  81:Drivers/STM32F0xx_HAL_Driver/Src/stm32f0xx_hal_pcd_ex.c **** HAL_StatusTypeDef  HAL_PCDEx_PMAConfig(PCD_HandleTypeDef *hpcd,
  82:Drivers/STM32F0xx_HAL_Driver/Src/stm32f0xx_hal_pcd_ex.c ****                                        uint16_t ep_addr,
  83:Drivers/STM32F0xx_HAL_Driver/Src/stm32f0xx_hal_pcd_ex.c ****                                        uint16_t ep_kind,
  84:Drivers/STM32F0xx_HAL_Driver/Src/stm32f0xx_hal_pcd_ex.c ****                                        uint32_t pmaadress)
  85:Drivers/STM32F0xx_HAL_Driver/Src/stm32f0xx_hal_pcd_ex.c **** {
  28              		.loc 1 85 1 view -0
  29              		.cfi_startproc
  30              		@ args = 0, pretend = 0, frame = 0
ARM GAS  /tmp/ccH09lbT.s 			page 3


  31              		@ frame_needed = 0, uses_anonymous_args = 0
  32              		.loc 1 85 1 is_stmt 0 view .LVU1
  33 0000 10B5     		push	{r4, lr}
  34              	.LCFI0:
  35              		.cfi_def_cfa_offset 8
  36              		.cfi_offset 4, -8
  37              		.cfi_offset 14, -4
  86:Drivers/STM32F0xx_HAL_Driver/Src/stm32f0xx_hal_pcd_ex.c ****   PCD_EPTypeDef *ep;
  38              		.loc 1 86 3 is_stmt 1 view .LVU2
  87:Drivers/STM32F0xx_HAL_Driver/Src/stm32f0xx_hal_pcd_ex.c **** 
  88:Drivers/STM32F0xx_HAL_Driver/Src/stm32f0xx_hal_pcd_ex.c ****   /* initialize ep structure*/
  89:Drivers/STM32F0xx_HAL_Driver/Src/stm32f0xx_hal_pcd_ex.c ****   if ((0x80U & ep_addr) == 0x80U)
  39              		.loc 1 89 3 view .LVU3
  40              		.loc 1 89 6 is_stmt 0 view .LVU4
  41 0002 0C06     		lsls	r4, r1, #24
  42 0004 0AD5     		bpl	.L2
  90:Drivers/STM32F0xx_HAL_Driver/Src/stm32f0xx_hal_pcd_ex.c ****   {
  91:Drivers/STM32F0xx_HAL_Driver/Src/stm32f0xx_hal_pcd_ex.c ****     ep = &hpcd->IN_ep[ep_addr & EP_ADDR_MSK];
  43              		.loc 1 91 5 is_stmt 1 view .LVU5
  44              		.loc 1 91 31 is_stmt 0 view .LVU6
  45 0006 0724     		movs	r4, #7
  46 0008 2140     		ands	r1, r4
  47              	.LVL1:
  48              		.loc 1 91 8 view .LVU7
  49 000a 4901     		lsls	r1, r1, #5
  50 000c 2831     		adds	r1, r1, #40
  51 000e 4118     		adds	r1, r0, r1
  52              	.LVL2:
  53              	.L3:
  92:Drivers/STM32F0xx_HAL_Driver/Src/stm32f0xx_hal_pcd_ex.c ****   }
  93:Drivers/STM32F0xx_HAL_Driver/Src/stm32f0xx_hal_pcd_ex.c ****   else
  94:Drivers/STM32F0xx_HAL_Driver/Src/stm32f0xx_hal_pcd_ex.c ****   {
  95:Drivers/STM32F0xx_HAL_Driver/Src/stm32f0xx_hal_pcd_ex.c ****     ep = &hpcd->OUT_ep[ep_addr];
  96:Drivers/STM32F0xx_HAL_Driver/Src/stm32f0xx_hal_pcd_ex.c ****   }
  97:Drivers/STM32F0xx_HAL_Driver/Src/stm32f0xx_hal_pcd_ex.c **** 
  98:Drivers/STM32F0xx_HAL_Driver/Src/stm32f0xx_hal_pcd_ex.c ****   /* Here we check if the endpoint is single or double Buffer*/
  99:Drivers/STM32F0xx_HAL_Driver/Src/stm32f0xx_hal_pcd_ex.c ****   if (ep_kind == PCD_SNG_BUF)
  54              		.loc 1 99 3 is_stmt 1 view .LVU8
  55              		.loc 1 99 6 is_stmt 0 view .LVU9
  56 0010 002A     		cmp	r2, #0
  57 0012 08D1     		bne	.L4
 100:Drivers/STM32F0xx_HAL_Driver/Src/stm32f0xx_hal_pcd_ex.c ****   {
 101:Drivers/STM32F0xx_HAL_Driver/Src/stm32f0xx_hal_pcd_ex.c ****     /* Single Buffer */
 102:Drivers/STM32F0xx_HAL_Driver/Src/stm32f0xx_hal_pcd_ex.c ****     ep->doublebuffer = 0U;
  58              		.loc 1 102 5 is_stmt 1 view .LVU10
  59              		.loc 1 102 22 is_stmt 0 view .LVU11
  60 0014 0A73     		strb	r2, [r1, #12]
 103:Drivers/STM32F0xx_HAL_Driver/Src/stm32f0xx_hal_pcd_ex.c ****     /* Configure the PMA */
 104:Drivers/STM32F0xx_HAL_Driver/Src/stm32f0xx_hal_pcd_ex.c ****     ep->pmaadress = (uint16_t)pmaadress;
  61              		.loc 1 104 5 is_stmt 1 view .LVU12
  62              		.loc 1 104 19 is_stmt 0 view .LVU13
  63 0016 CB80     		strh	r3, [r1, #6]
  64              	.LVL3:
  65              	.L5:
 105:Drivers/STM32F0xx_HAL_Driver/Src/stm32f0xx_hal_pcd_ex.c ****   }
 106:Drivers/STM32F0xx_HAL_Driver/Src/stm32f0xx_hal_pcd_ex.c ****   else /* USB_DBL_BUF */
 107:Drivers/STM32F0xx_HAL_Driver/Src/stm32f0xx_hal_pcd_ex.c ****   {
ARM GAS  /tmp/ccH09lbT.s 			page 4


 108:Drivers/STM32F0xx_HAL_Driver/Src/stm32f0xx_hal_pcd_ex.c ****     /* Double Buffer Endpoint */
 109:Drivers/STM32F0xx_HAL_Driver/Src/stm32f0xx_hal_pcd_ex.c ****     ep->doublebuffer = 1U;
 110:Drivers/STM32F0xx_HAL_Driver/Src/stm32f0xx_hal_pcd_ex.c ****     /* Configure the PMA */
 111:Drivers/STM32F0xx_HAL_Driver/Src/stm32f0xx_hal_pcd_ex.c ****     ep->pmaaddr0 = (uint16_t)(pmaadress & 0xFFFFU);
 112:Drivers/STM32F0xx_HAL_Driver/Src/stm32f0xx_hal_pcd_ex.c ****     ep->pmaaddr1 = (uint16_t)((pmaadress & 0xFFFF0000U) >> 16);
 113:Drivers/STM32F0xx_HAL_Driver/Src/stm32f0xx_hal_pcd_ex.c ****   }
 114:Drivers/STM32F0xx_HAL_Driver/Src/stm32f0xx_hal_pcd_ex.c **** 
 115:Drivers/STM32F0xx_HAL_Driver/Src/stm32f0xx_hal_pcd_ex.c ****   return HAL_OK;
  66              		.loc 1 115 3 is_stmt 1 view .LVU14
 116:Drivers/STM32F0xx_HAL_Driver/Src/stm32f0xx_hal_pcd_ex.c **** }
  67              		.loc 1 116 1 is_stmt 0 view .LVU15
  68 0018 0020     		movs	r0, #0
  69              	.LVL4:
  70              		.loc 1 116 1 view .LVU16
  71              		@ sp needed
  72 001a 10BD     		pop	{r4, pc}
  73              	.LVL5:
  74              	.L2:
  95:Drivers/STM32F0xx_HAL_Driver/Src/stm32f0xx_hal_pcd_ex.c ****   }
  75              		.loc 1 95 5 is_stmt 1 view .LVU17
  95:Drivers/STM32F0xx_HAL_Driver/Src/stm32f0xx_hal_pcd_ex.c ****   }
  76              		.loc 1 95 8 is_stmt 0 view .LVU18
  77 001c 4901     		lsls	r1, r1, #5
  78              	.LVL6:
  95:Drivers/STM32F0xx_HAL_Driver/Src/stm32f0xx_hal_pcd_ex.c ****   }
  79              		.loc 1 95 8 view .LVU19
  80 001e 2931     		adds	r1, r1, #41
  81 0020 FF31     		adds	r1, r1, #255
  82 0022 4118     		adds	r1, r0, r1
  83              	.LVL7:
  95:Drivers/STM32F0xx_HAL_Driver/Src/stm32f0xx_hal_pcd_ex.c ****   }
  84              		.loc 1 95 8 view .LVU20
  85 0024 F4E7     		b	.L3
  86              	.L4:
 109:Drivers/STM32F0xx_HAL_Driver/Src/stm32f0xx_hal_pcd_ex.c ****     /* Configure the PMA */
  87              		.loc 1 109 5 is_stmt 1 view .LVU21
 109:Drivers/STM32F0xx_HAL_Driver/Src/stm32f0xx_hal_pcd_ex.c ****     /* Configure the PMA */
  88              		.loc 1 109 22 is_stmt 0 view .LVU22
  89 0026 0122     		movs	r2, #1
  90              	.LVL8:
 109:Drivers/STM32F0xx_HAL_Driver/Src/stm32f0xx_hal_pcd_ex.c ****     /* Configure the PMA */
  91              		.loc 1 109 22 view .LVU23
  92 0028 0A73     		strb	r2, [r1, #12]
 111:Drivers/STM32F0xx_HAL_Driver/Src/stm32f0xx_hal_pcd_ex.c ****     ep->pmaaddr1 = (uint16_t)((pmaadress & 0xFFFF0000U) >> 16);
  93              		.loc 1 111 5 is_stmt 1 view .LVU24
 111:Drivers/STM32F0xx_HAL_Driver/Src/stm32f0xx_hal_pcd_ex.c ****     ep->pmaaddr1 = (uint16_t)((pmaadress & 0xFFFF0000U) >> 16);
  94              		.loc 1 111 18 is_stmt 0 view .LVU25
  95 002a 0B81     		strh	r3, [r1, #8]
 112:Drivers/STM32F0xx_HAL_Driver/Src/stm32f0xx_hal_pcd_ex.c ****   }
  96              		.loc 1 112 5 is_stmt 1 view .LVU26
 112:Drivers/STM32F0xx_HAL_Driver/Src/stm32f0xx_hal_pcd_ex.c ****   }
  97              		.loc 1 112 20 is_stmt 0 view .LVU27
  98 002c 1B0C     		lsrs	r3, r3, #16
  99              	.LVL9:
 112:Drivers/STM32F0xx_HAL_Driver/Src/stm32f0xx_hal_pcd_ex.c ****   }
 100              		.loc 1 112 18 view .LVU28
 101 002e 4B81     		strh	r3, [r1, #10]
ARM GAS  /tmp/ccH09lbT.s 			page 5


 102 0030 F2E7     		b	.L5
 103              		.cfi_endproc
 104              	.LFE40:
 106              		.section	.text.HAL_PCDEx_ActivateBCD,"ax",%progbits
 107              		.align	1
 108              		.global	HAL_PCDEx_ActivateBCD
 109              		.syntax unified
 110              		.code	16
 111              		.thumb_func
 112              		.fpu softvfp
 114              	HAL_PCDEx_ActivateBCD:
 115              	.LVL10:
 116              	.LFB41:
 117:Drivers/STM32F0xx_HAL_Driver/Src/stm32f0xx_hal_pcd_ex.c **** 
 118:Drivers/STM32F0xx_HAL_Driver/Src/stm32f0xx_hal_pcd_ex.c **** /**
 119:Drivers/STM32F0xx_HAL_Driver/Src/stm32f0xx_hal_pcd_ex.c ****   * @brief  Activate BatteryCharging feature.
 120:Drivers/STM32F0xx_HAL_Driver/Src/stm32f0xx_hal_pcd_ex.c ****   * @param  hpcd PCD handle
 121:Drivers/STM32F0xx_HAL_Driver/Src/stm32f0xx_hal_pcd_ex.c ****   * @retval HAL status
 122:Drivers/STM32F0xx_HAL_Driver/Src/stm32f0xx_hal_pcd_ex.c ****   */
 123:Drivers/STM32F0xx_HAL_Driver/Src/stm32f0xx_hal_pcd_ex.c **** HAL_StatusTypeDef HAL_PCDEx_ActivateBCD(PCD_HandleTypeDef *hpcd)
 124:Drivers/STM32F0xx_HAL_Driver/Src/stm32f0xx_hal_pcd_ex.c **** {
 117              		.loc 1 124 1 is_stmt 1 view -0
 118              		.cfi_startproc
 119              		@ args = 0, pretend = 0, frame = 0
 120              		@ frame_needed = 0, uses_anonymous_args = 0
 121              		@ link register save eliminated.
 125:Drivers/STM32F0xx_HAL_Driver/Src/stm32f0xx_hal_pcd_ex.c ****   USB_TypeDef *USBx = hpcd->Instance;
 122              		.loc 1 125 3 view .LVU30
 123              		.loc 1 125 16 is_stmt 0 view .LVU31
 124 0000 0268     		ldr	r2, [r0]
 125              	.LVL11:
 126:Drivers/STM32F0xx_HAL_Driver/Src/stm32f0xx_hal_pcd_ex.c ****   hpcd->battery_charging_active = 1U;
 126              		.loc 1 126 3 is_stmt 1 view .LVU32
 127              		.loc 1 126 33 is_stmt 0 view .LVU33
 128 0002 9B23     		movs	r3, #155
 129 0004 9B00     		lsls	r3, r3, #2
 130 0006 0121     		movs	r1, #1
 131 0008 C150     		str	r1, [r0, r3]
 127:Drivers/STM32F0xx_HAL_Driver/Src/stm32f0xx_hal_pcd_ex.c **** 
 128:Drivers/STM32F0xx_HAL_Driver/Src/stm32f0xx_hal_pcd_ex.c ****   /* Enable BCD feature */
 129:Drivers/STM32F0xx_HAL_Driver/Src/stm32f0xx_hal_pcd_ex.c ****   USBx->BCDR |= USB_BCDR_BCDEN;
 132              		.loc 1 129 3 is_stmt 1 view .LVU34
 133              		.loc 1 129 14 is_stmt 0 view .LVU35
 134 000a 5823     		movs	r3, #88
 135 000c D15A     		ldrh	r1, [r2, r3]
 136 000e 0120     		movs	r0, #1
 137              	.LVL12:
 138              		.loc 1 129 14 view .LVU36
 139 0010 0143     		orrs	r1, r0
 140 0012 89B2     		uxth	r1, r1
 141 0014 D152     		strh	r1, [r2, r3]
 130:Drivers/STM32F0xx_HAL_Driver/Src/stm32f0xx_hal_pcd_ex.c **** 
 131:Drivers/STM32F0xx_HAL_Driver/Src/stm32f0xx_hal_pcd_ex.c ****   /* Enable DCD : Data Contact Detect */
 132:Drivers/STM32F0xx_HAL_Driver/Src/stm32f0xx_hal_pcd_ex.c ****   USBx->BCDR &= ~(USB_BCDR_PDEN);
 142              		.loc 1 132 3 is_stmt 1 view .LVU37
 143              		.loc 1 132 14 is_stmt 0 view .LVU38
 144 0016 D15A     		ldrh	r1, [r2, r3]
ARM GAS  /tmp/ccH09lbT.s 			page 6


 145 0018 0420     		movs	r0, #4
 146 001a 8143     		bics	r1, r0
 147 001c D152     		strh	r1, [r2, r3]
 133:Drivers/STM32F0xx_HAL_Driver/Src/stm32f0xx_hal_pcd_ex.c ****   USBx->BCDR &= ~(USB_BCDR_SDEN);
 148              		.loc 1 133 3 is_stmt 1 view .LVU39
 149              		.loc 1 133 14 is_stmt 0 view .LVU40
 150 001e D15A     		ldrh	r1, [r2, r3]
 151 0020 0430     		adds	r0, r0, #4
 152 0022 8143     		bics	r1, r0
 153 0024 D152     		strh	r1, [r2, r3]
 134:Drivers/STM32F0xx_HAL_Driver/Src/stm32f0xx_hal_pcd_ex.c ****   USBx->BCDR |= USB_BCDR_DCDEN;
 154              		.loc 1 134 3 is_stmt 1 view .LVU41
 155              		.loc 1 134 14 is_stmt 0 view .LVU42
 156 0026 D15A     		ldrh	r1, [r2, r3]
 157 0028 0220     		movs	r0, #2
 158 002a 0143     		orrs	r1, r0
 159 002c 89B2     		uxth	r1, r1
 160 002e D152     		strh	r1, [r2, r3]
 135:Drivers/STM32F0xx_HAL_Driver/Src/stm32f0xx_hal_pcd_ex.c **** 
 136:Drivers/STM32F0xx_HAL_Driver/Src/stm32f0xx_hal_pcd_ex.c ****   return HAL_OK;
 161              		.loc 1 136 3 is_stmt 1 view .LVU43
 137:Drivers/STM32F0xx_HAL_Driver/Src/stm32f0xx_hal_pcd_ex.c **** }
 162              		.loc 1 137 1 is_stmt 0 view .LVU44
 163 0030 0020     		movs	r0, #0
 164              		@ sp needed
 165 0032 7047     		bx	lr
 166              		.cfi_endproc
 167              	.LFE41:
 169              		.section	.text.HAL_PCDEx_DeActivateBCD,"ax",%progbits
 170              		.align	1
 171              		.global	HAL_PCDEx_DeActivateBCD
 172              		.syntax unified
 173              		.code	16
 174              		.thumb_func
 175              		.fpu softvfp
 177              	HAL_PCDEx_DeActivateBCD:
 178              	.LVL13:
 179              	.LFB42:
 138:Drivers/STM32F0xx_HAL_Driver/Src/stm32f0xx_hal_pcd_ex.c **** 
 139:Drivers/STM32F0xx_HAL_Driver/Src/stm32f0xx_hal_pcd_ex.c **** /**
 140:Drivers/STM32F0xx_HAL_Driver/Src/stm32f0xx_hal_pcd_ex.c ****   * @brief  Deactivate BatteryCharging feature.
 141:Drivers/STM32F0xx_HAL_Driver/Src/stm32f0xx_hal_pcd_ex.c ****   * @param  hpcd PCD handle
 142:Drivers/STM32F0xx_HAL_Driver/Src/stm32f0xx_hal_pcd_ex.c ****   * @retval HAL status
 143:Drivers/STM32F0xx_HAL_Driver/Src/stm32f0xx_hal_pcd_ex.c ****   */
 144:Drivers/STM32F0xx_HAL_Driver/Src/stm32f0xx_hal_pcd_ex.c **** HAL_StatusTypeDef HAL_PCDEx_DeActivateBCD(PCD_HandleTypeDef *hpcd)
 145:Drivers/STM32F0xx_HAL_Driver/Src/stm32f0xx_hal_pcd_ex.c **** {
 180              		.loc 1 145 1 is_stmt 1 view -0
 181              		.cfi_startproc
 182              		@ args = 0, pretend = 0, frame = 0
 183              		@ frame_needed = 0, uses_anonymous_args = 0
 184              		@ link register save eliminated.
 146:Drivers/STM32F0xx_HAL_Driver/Src/stm32f0xx_hal_pcd_ex.c ****   USB_TypeDef *USBx = hpcd->Instance;
 185              		.loc 1 146 3 view .LVU46
 186              		.loc 1 146 16 is_stmt 0 view .LVU47
 187 0000 0168     		ldr	r1, [r0]
 188              	.LVL14:
 147:Drivers/STM32F0xx_HAL_Driver/Src/stm32f0xx_hal_pcd_ex.c ****   hpcd->battery_charging_active = 0U;
ARM GAS  /tmp/ccH09lbT.s 			page 7


 189              		.loc 1 147 3 is_stmt 1 view .LVU48
 190              		.loc 1 147 33 is_stmt 0 view .LVU49
 191 0002 9B23     		movs	r3, #155
 192 0004 9B00     		lsls	r3, r3, #2
 193 0006 0022     		movs	r2, #0
 194 0008 C250     		str	r2, [r0, r3]
 148:Drivers/STM32F0xx_HAL_Driver/Src/stm32f0xx_hal_pcd_ex.c **** 
 149:Drivers/STM32F0xx_HAL_Driver/Src/stm32f0xx_hal_pcd_ex.c ****   /* Disable BCD feature */
 150:Drivers/STM32F0xx_HAL_Driver/Src/stm32f0xx_hal_pcd_ex.c ****   USBx->BCDR &= ~(USB_BCDR_BCDEN);
 195              		.loc 1 150 3 is_stmt 1 view .LVU50
 196              		.loc 1 150 14 is_stmt 0 view .LVU51
 197 000a 5832     		adds	r2, r2, #88
 198 000c 8B5A     		ldrh	r3, [r1, r2]
 199 000e 0120     		movs	r0, #1
 200              	.LVL15:
 201              		.loc 1 150 14 view .LVU52
 202 0010 8343     		bics	r3, r0
 203 0012 8B52     		strh	r3, [r1, r2]
 151:Drivers/STM32F0xx_HAL_Driver/Src/stm32f0xx_hal_pcd_ex.c **** 
 152:Drivers/STM32F0xx_HAL_Driver/Src/stm32f0xx_hal_pcd_ex.c ****   return HAL_OK;
 204              		.loc 1 152 3 is_stmt 1 view .LVU53
 153:Drivers/STM32F0xx_HAL_Driver/Src/stm32f0xx_hal_pcd_ex.c **** }
 205              		.loc 1 153 1 is_stmt 0 view .LVU54
 206 0014 0020     		movs	r0, #0
 207              		@ sp needed
 208 0016 7047     		bx	lr
 209              		.cfi_endproc
 210              	.LFE42:
 212              		.section	.text.HAL_PCDEx_ActivateLPM,"ax",%progbits
 213              		.align	1
 214              		.global	HAL_PCDEx_ActivateLPM
 215              		.syntax unified
 216              		.code	16
 217              		.thumb_func
 218              		.fpu softvfp
 220              	HAL_PCDEx_ActivateLPM:
 221              	.LVL16:
 222              	.LFB44:
 154:Drivers/STM32F0xx_HAL_Driver/Src/stm32f0xx_hal_pcd_ex.c **** 
 155:Drivers/STM32F0xx_HAL_Driver/Src/stm32f0xx_hal_pcd_ex.c **** /**
 156:Drivers/STM32F0xx_HAL_Driver/Src/stm32f0xx_hal_pcd_ex.c ****   * @brief  Handle BatteryCharging Process.
 157:Drivers/STM32F0xx_HAL_Driver/Src/stm32f0xx_hal_pcd_ex.c ****   * @param  hpcd PCD handle
 158:Drivers/STM32F0xx_HAL_Driver/Src/stm32f0xx_hal_pcd_ex.c ****   * @retval HAL status
 159:Drivers/STM32F0xx_HAL_Driver/Src/stm32f0xx_hal_pcd_ex.c ****   */
 160:Drivers/STM32F0xx_HAL_Driver/Src/stm32f0xx_hal_pcd_ex.c **** void HAL_PCDEx_BCD_VBUSDetect(PCD_HandleTypeDef *hpcd)
 161:Drivers/STM32F0xx_HAL_Driver/Src/stm32f0xx_hal_pcd_ex.c **** {
 162:Drivers/STM32F0xx_HAL_Driver/Src/stm32f0xx_hal_pcd_ex.c ****   USB_TypeDef *USBx = hpcd->Instance;
 163:Drivers/STM32F0xx_HAL_Driver/Src/stm32f0xx_hal_pcd_ex.c ****   uint32_t tickstart = HAL_GetTick();
 164:Drivers/STM32F0xx_HAL_Driver/Src/stm32f0xx_hal_pcd_ex.c **** 
 165:Drivers/STM32F0xx_HAL_Driver/Src/stm32f0xx_hal_pcd_ex.c ****   /* Wait Detect flag or a timeout is happen*/
 166:Drivers/STM32F0xx_HAL_Driver/Src/stm32f0xx_hal_pcd_ex.c ****   while ((USBx->BCDR & USB_BCDR_DCDET) == 0U)
 167:Drivers/STM32F0xx_HAL_Driver/Src/stm32f0xx_hal_pcd_ex.c ****   {
 168:Drivers/STM32F0xx_HAL_Driver/Src/stm32f0xx_hal_pcd_ex.c ****     /* Check for the Timeout */
 169:Drivers/STM32F0xx_HAL_Driver/Src/stm32f0xx_hal_pcd_ex.c ****     if ((HAL_GetTick() - tickstart) > 1000U)
 170:Drivers/STM32F0xx_HAL_Driver/Src/stm32f0xx_hal_pcd_ex.c ****     {
 171:Drivers/STM32F0xx_HAL_Driver/Src/stm32f0xx_hal_pcd_ex.c **** #if (USE_HAL_PCD_REGISTER_CALLBACKS == 1U)
 172:Drivers/STM32F0xx_HAL_Driver/Src/stm32f0xx_hal_pcd_ex.c ****       hpcd->BCDCallback(hpcd, PCD_BCD_ERROR);
ARM GAS  /tmp/ccH09lbT.s 			page 8


 173:Drivers/STM32F0xx_HAL_Driver/Src/stm32f0xx_hal_pcd_ex.c **** #else
 174:Drivers/STM32F0xx_HAL_Driver/Src/stm32f0xx_hal_pcd_ex.c ****       HAL_PCDEx_BCD_Callback(hpcd, PCD_BCD_ERROR);
 175:Drivers/STM32F0xx_HAL_Driver/Src/stm32f0xx_hal_pcd_ex.c **** #endif /* USE_HAL_PCD_REGISTER_CALLBACKS */
 176:Drivers/STM32F0xx_HAL_Driver/Src/stm32f0xx_hal_pcd_ex.c **** 
 177:Drivers/STM32F0xx_HAL_Driver/Src/stm32f0xx_hal_pcd_ex.c ****       return;
 178:Drivers/STM32F0xx_HAL_Driver/Src/stm32f0xx_hal_pcd_ex.c ****     }
 179:Drivers/STM32F0xx_HAL_Driver/Src/stm32f0xx_hal_pcd_ex.c ****   }
 180:Drivers/STM32F0xx_HAL_Driver/Src/stm32f0xx_hal_pcd_ex.c **** 
 181:Drivers/STM32F0xx_HAL_Driver/Src/stm32f0xx_hal_pcd_ex.c ****   HAL_Delay(200U);
 182:Drivers/STM32F0xx_HAL_Driver/Src/stm32f0xx_hal_pcd_ex.c **** 
 183:Drivers/STM32F0xx_HAL_Driver/Src/stm32f0xx_hal_pcd_ex.c ****   /* Data Pin Contact ? Check Detect flag */
 184:Drivers/STM32F0xx_HAL_Driver/Src/stm32f0xx_hal_pcd_ex.c ****   if ((USBx->BCDR & USB_BCDR_DCDET) == USB_BCDR_DCDET)
 185:Drivers/STM32F0xx_HAL_Driver/Src/stm32f0xx_hal_pcd_ex.c ****   {
 186:Drivers/STM32F0xx_HAL_Driver/Src/stm32f0xx_hal_pcd_ex.c **** #if (USE_HAL_PCD_REGISTER_CALLBACKS == 1U)
 187:Drivers/STM32F0xx_HAL_Driver/Src/stm32f0xx_hal_pcd_ex.c ****     hpcd->BCDCallback(hpcd, PCD_BCD_CONTACT_DETECTION);
 188:Drivers/STM32F0xx_HAL_Driver/Src/stm32f0xx_hal_pcd_ex.c **** #else
 189:Drivers/STM32F0xx_HAL_Driver/Src/stm32f0xx_hal_pcd_ex.c ****     HAL_PCDEx_BCD_Callback(hpcd, PCD_BCD_CONTACT_DETECTION);
 190:Drivers/STM32F0xx_HAL_Driver/Src/stm32f0xx_hal_pcd_ex.c **** #endif /* USE_HAL_PCD_REGISTER_CALLBACKS */
 191:Drivers/STM32F0xx_HAL_Driver/Src/stm32f0xx_hal_pcd_ex.c ****   }
 192:Drivers/STM32F0xx_HAL_Driver/Src/stm32f0xx_hal_pcd_ex.c ****   /* Primary detection: checks if connected to Standard Downstream Port
 193:Drivers/STM32F0xx_HAL_Driver/Src/stm32f0xx_hal_pcd_ex.c ****   (without charging capability) */
 194:Drivers/STM32F0xx_HAL_Driver/Src/stm32f0xx_hal_pcd_ex.c ****   USBx->BCDR &= ~(USB_BCDR_DCDEN);
 195:Drivers/STM32F0xx_HAL_Driver/Src/stm32f0xx_hal_pcd_ex.c ****   HAL_Delay(50U);
 196:Drivers/STM32F0xx_HAL_Driver/Src/stm32f0xx_hal_pcd_ex.c ****   USBx->BCDR |= (USB_BCDR_PDEN);
 197:Drivers/STM32F0xx_HAL_Driver/Src/stm32f0xx_hal_pcd_ex.c ****   HAL_Delay(50U);
 198:Drivers/STM32F0xx_HAL_Driver/Src/stm32f0xx_hal_pcd_ex.c **** 
 199:Drivers/STM32F0xx_HAL_Driver/Src/stm32f0xx_hal_pcd_ex.c ****   /* If Charger detect ? */
 200:Drivers/STM32F0xx_HAL_Driver/Src/stm32f0xx_hal_pcd_ex.c ****   if ((USBx->BCDR & USB_BCDR_PDET) == USB_BCDR_PDET)
 201:Drivers/STM32F0xx_HAL_Driver/Src/stm32f0xx_hal_pcd_ex.c ****   {
 202:Drivers/STM32F0xx_HAL_Driver/Src/stm32f0xx_hal_pcd_ex.c ****     /* Start secondary detection to check connection to Charging Downstream
 203:Drivers/STM32F0xx_HAL_Driver/Src/stm32f0xx_hal_pcd_ex.c ****     Port or Dedicated Charging Port */
 204:Drivers/STM32F0xx_HAL_Driver/Src/stm32f0xx_hal_pcd_ex.c ****     USBx->BCDR &= ~(USB_BCDR_PDEN);
 205:Drivers/STM32F0xx_HAL_Driver/Src/stm32f0xx_hal_pcd_ex.c ****     HAL_Delay(50U);
 206:Drivers/STM32F0xx_HAL_Driver/Src/stm32f0xx_hal_pcd_ex.c ****     USBx->BCDR |= (USB_BCDR_SDEN);
 207:Drivers/STM32F0xx_HAL_Driver/Src/stm32f0xx_hal_pcd_ex.c ****     HAL_Delay(50U);
 208:Drivers/STM32F0xx_HAL_Driver/Src/stm32f0xx_hal_pcd_ex.c **** 
 209:Drivers/STM32F0xx_HAL_Driver/Src/stm32f0xx_hal_pcd_ex.c ****     /* If CDP ? */
 210:Drivers/STM32F0xx_HAL_Driver/Src/stm32f0xx_hal_pcd_ex.c ****     if ((USBx->BCDR & USB_BCDR_SDET) == USB_BCDR_SDET)
 211:Drivers/STM32F0xx_HAL_Driver/Src/stm32f0xx_hal_pcd_ex.c ****     {
 212:Drivers/STM32F0xx_HAL_Driver/Src/stm32f0xx_hal_pcd_ex.c ****       /* Dedicated Downstream Port DCP */
 213:Drivers/STM32F0xx_HAL_Driver/Src/stm32f0xx_hal_pcd_ex.c **** #if (USE_HAL_PCD_REGISTER_CALLBACKS == 1U)
 214:Drivers/STM32F0xx_HAL_Driver/Src/stm32f0xx_hal_pcd_ex.c ****       hpcd->BCDCallback(hpcd, PCD_BCD_DEDICATED_CHARGING_PORT);
 215:Drivers/STM32F0xx_HAL_Driver/Src/stm32f0xx_hal_pcd_ex.c **** #else
 216:Drivers/STM32F0xx_HAL_Driver/Src/stm32f0xx_hal_pcd_ex.c ****       HAL_PCDEx_BCD_Callback(hpcd, PCD_BCD_DEDICATED_CHARGING_PORT);
 217:Drivers/STM32F0xx_HAL_Driver/Src/stm32f0xx_hal_pcd_ex.c **** #endif /* USE_HAL_PCD_REGISTER_CALLBACKS */
 218:Drivers/STM32F0xx_HAL_Driver/Src/stm32f0xx_hal_pcd_ex.c ****     }
 219:Drivers/STM32F0xx_HAL_Driver/Src/stm32f0xx_hal_pcd_ex.c ****     else
 220:Drivers/STM32F0xx_HAL_Driver/Src/stm32f0xx_hal_pcd_ex.c ****     {
 221:Drivers/STM32F0xx_HAL_Driver/Src/stm32f0xx_hal_pcd_ex.c ****       /* Charging Downstream Port CDP */
 222:Drivers/STM32F0xx_HAL_Driver/Src/stm32f0xx_hal_pcd_ex.c **** #if (USE_HAL_PCD_REGISTER_CALLBACKS == 1U)
 223:Drivers/STM32F0xx_HAL_Driver/Src/stm32f0xx_hal_pcd_ex.c ****       hpcd->BCDCallback(hpcd, PCD_BCD_CHARGING_DOWNSTREAM_PORT);
 224:Drivers/STM32F0xx_HAL_Driver/Src/stm32f0xx_hal_pcd_ex.c **** #else
 225:Drivers/STM32F0xx_HAL_Driver/Src/stm32f0xx_hal_pcd_ex.c ****       HAL_PCDEx_BCD_Callback(hpcd, PCD_BCD_CHARGING_DOWNSTREAM_PORT);
 226:Drivers/STM32F0xx_HAL_Driver/Src/stm32f0xx_hal_pcd_ex.c **** #endif /* USE_HAL_PCD_REGISTER_CALLBACKS */
 227:Drivers/STM32F0xx_HAL_Driver/Src/stm32f0xx_hal_pcd_ex.c ****     }
 228:Drivers/STM32F0xx_HAL_Driver/Src/stm32f0xx_hal_pcd_ex.c ****   }
 229:Drivers/STM32F0xx_HAL_Driver/Src/stm32f0xx_hal_pcd_ex.c ****   else /* NO */
ARM GAS  /tmp/ccH09lbT.s 			page 9


 230:Drivers/STM32F0xx_HAL_Driver/Src/stm32f0xx_hal_pcd_ex.c ****   {
 231:Drivers/STM32F0xx_HAL_Driver/Src/stm32f0xx_hal_pcd_ex.c ****     /* Standard Downstream Port */
 232:Drivers/STM32F0xx_HAL_Driver/Src/stm32f0xx_hal_pcd_ex.c **** #if (USE_HAL_PCD_REGISTER_CALLBACKS == 1U)
 233:Drivers/STM32F0xx_HAL_Driver/Src/stm32f0xx_hal_pcd_ex.c ****     hpcd->BCDCallback(hpcd, PCD_BCD_STD_DOWNSTREAM_PORT);
 234:Drivers/STM32F0xx_HAL_Driver/Src/stm32f0xx_hal_pcd_ex.c **** #else
 235:Drivers/STM32F0xx_HAL_Driver/Src/stm32f0xx_hal_pcd_ex.c ****     HAL_PCDEx_BCD_Callback(hpcd, PCD_BCD_STD_DOWNSTREAM_PORT);
 236:Drivers/STM32F0xx_HAL_Driver/Src/stm32f0xx_hal_pcd_ex.c **** #endif /* USE_HAL_PCD_REGISTER_CALLBACKS */
 237:Drivers/STM32F0xx_HAL_Driver/Src/stm32f0xx_hal_pcd_ex.c ****   }
 238:Drivers/STM32F0xx_HAL_Driver/Src/stm32f0xx_hal_pcd_ex.c **** 
 239:Drivers/STM32F0xx_HAL_Driver/Src/stm32f0xx_hal_pcd_ex.c ****   /* Battery Charging capability discovery finished Start Enumeration */
 240:Drivers/STM32F0xx_HAL_Driver/Src/stm32f0xx_hal_pcd_ex.c ****   (void)HAL_PCDEx_DeActivateBCD(hpcd);
 241:Drivers/STM32F0xx_HAL_Driver/Src/stm32f0xx_hal_pcd_ex.c **** #if (USE_HAL_PCD_REGISTER_CALLBACKS == 1U)
 242:Drivers/STM32F0xx_HAL_Driver/Src/stm32f0xx_hal_pcd_ex.c ****   hpcd->BCDCallback(hpcd, PCD_BCD_DISCOVERY_COMPLETED);
 243:Drivers/STM32F0xx_HAL_Driver/Src/stm32f0xx_hal_pcd_ex.c **** #else
 244:Drivers/STM32F0xx_HAL_Driver/Src/stm32f0xx_hal_pcd_ex.c ****   HAL_PCDEx_BCD_Callback(hpcd, PCD_BCD_DISCOVERY_COMPLETED);
 245:Drivers/STM32F0xx_HAL_Driver/Src/stm32f0xx_hal_pcd_ex.c **** #endif /* USE_HAL_PCD_REGISTER_CALLBACKS */
 246:Drivers/STM32F0xx_HAL_Driver/Src/stm32f0xx_hal_pcd_ex.c **** }
 247:Drivers/STM32F0xx_HAL_Driver/Src/stm32f0xx_hal_pcd_ex.c **** 
 248:Drivers/STM32F0xx_HAL_Driver/Src/stm32f0xx_hal_pcd_ex.c **** 
 249:Drivers/STM32F0xx_HAL_Driver/Src/stm32f0xx_hal_pcd_ex.c **** /**
 250:Drivers/STM32F0xx_HAL_Driver/Src/stm32f0xx_hal_pcd_ex.c ****   * @brief  Activate LPM feature.
 251:Drivers/STM32F0xx_HAL_Driver/Src/stm32f0xx_hal_pcd_ex.c ****   * @param  hpcd PCD handle
 252:Drivers/STM32F0xx_HAL_Driver/Src/stm32f0xx_hal_pcd_ex.c ****   * @retval HAL status
 253:Drivers/STM32F0xx_HAL_Driver/Src/stm32f0xx_hal_pcd_ex.c ****   */
 254:Drivers/STM32F0xx_HAL_Driver/Src/stm32f0xx_hal_pcd_ex.c **** HAL_StatusTypeDef HAL_PCDEx_ActivateLPM(PCD_HandleTypeDef *hpcd)
 255:Drivers/STM32F0xx_HAL_Driver/Src/stm32f0xx_hal_pcd_ex.c **** {
 223              		.loc 1 255 1 is_stmt 1 view -0
 224              		.cfi_startproc
 225              		@ args = 0, pretend = 0, frame = 0
 226              		@ frame_needed = 0, uses_anonymous_args = 0
 227              		@ link register save eliminated.
 256:Drivers/STM32F0xx_HAL_Driver/Src/stm32f0xx_hal_pcd_ex.c **** 
 257:Drivers/STM32F0xx_HAL_Driver/Src/stm32f0xx_hal_pcd_ex.c ****   USB_TypeDef *USBx = hpcd->Instance;
 228              		.loc 1 257 3 view .LVU56
 229              		.loc 1 257 16 is_stmt 0 view .LVU57
 230 0000 0168     		ldr	r1, [r0]
 231              	.LVL17:
 258:Drivers/STM32F0xx_HAL_Driver/Src/stm32f0xx_hal_pcd_ex.c ****   hpcd->lpm_active = 1U;
 232              		.loc 1 258 3 is_stmt 1 view .LVU58
 233              		.loc 1 258 20 is_stmt 0 view .LVU59
 234 0002 9A23     		movs	r3, #154
 235 0004 9B00     		lsls	r3, r3, #2
 236 0006 0122     		movs	r2, #1
 237 0008 C250     		str	r2, [r0, r3]
 259:Drivers/STM32F0xx_HAL_Driver/Src/stm32f0xx_hal_pcd_ex.c ****   hpcd->LPM_State = LPM_L0;
 238              		.loc 1 259 3 is_stmt 1 view .LVU60
 239              		.loc 1 259 19 is_stmt 0 view .LVU61
 240 000a 083B     		subs	r3, r3, #8
 241 000c 0022     		movs	r2, #0
 242 000e C254     		strb	r2, [r0, r3]
 260:Drivers/STM32F0xx_HAL_Driver/Src/stm32f0xx_hal_pcd_ex.c **** 
 261:Drivers/STM32F0xx_HAL_Driver/Src/stm32f0xx_hal_pcd_ex.c ****   USBx->LPMCSR |= USB_LPMCSR_LMPEN;
 243              		.loc 1 261 3 is_stmt 1 view .LVU62
 244              		.loc 1 261 16 is_stmt 0 view .LVU63
 245 0010 5432     		adds	r2, r2, #84
 246 0012 8B5A     		ldrh	r3, [r1, r2]
 247 0014 0120     		movs	r0, #1
ARM GAS  /tmp/ccH09lbT.s 			page 10


 248              	.LVL18:
 249              		.loc 1 261 16 view .LVU64
 250 0016 0343     		orrs	r3, r0
 251 0018 9BB2     		uxth	r3, r3
 252 001a 8B52     		strh	r3, [r1, r2]
 262:Drivers/STM32F0xx_HAL_Driver/Src/stm32f0xx_hal_pcd_ex.c ****   USBx->LPMCSR |= USB_LPMCSR_LPMACK;
 253              		.loc 1 262 3 is_stmt 1 view .LVU65
 254              		.loc 1 262 16 is_stmt 0 view .LVU66
 255 001c 8B5A     		ldrh	r3, [r1, r2]
 256 001e 0220     		movs	r0, #2
 257 0020 0343     		orrs	r3, r0
 258 0022 9BB2     		uxth	r3, r3
 259 0024 8B52     		strh	r3, [r1, r2]
 263:Drivers/STM32F0xx_HAL_Driver/Src/stm32f0xx_hal_pcd_ex.c **** 
 264:Drivers/STM32F0xx_HAL_Driver/Src/stm32f0xx_hal_pcd_ex.c ****   return HAL_OK;
 260              		.loc 1 264 3 is_stmt 1 view .LVU67
 265:Drivers/STM32F0xx_HAL_Driver/Src/stm32f0xx_hal_pcd_ex.c **** }
 261              		.loc 1 265 1 is_stmt 0 view .LVU68
 262 0026 0020     		movs	r0, #0
 263              		@ sp needed
 264 0028 7047     		bx	lr
 265              		.cfi_endproc
 266              	.LFE44:
 268              		.section	.text.HAL_PCDEx_DeActivateLPM,"ax",%progbits
 269              		.align	1
 270              		.global	HAL_PCDEx_DeActivateLPM
 271              		.syntax unified
 272              		.code	16
 273              		.thumb_func
 274              		.fpu softvfp
 276              	HAL_PCDEx_DeActivateLPM:
 277              	.LVL19:
 278              	.LFB45:
 266:Drivers/STM32F0xx_HAL_Driver/Src/stm32f0xx_hal_pcd_ex.c **** 
 267:Drivers/STM32F0xx_HAL_Driver/Src/stm32f0xx_hal_pcd_ex.c **** /**
 268:Drivers/STM32F0xx_HAL_Driver/Src/stm32f0xx_hal_pcd_ex.c ****   * @brief  Deactivate LPM feature.
 269:Drivers/STM32F0xx_HAL_Driver/Src/stm32f0xx_hal_pcd_ex.c ****   * @param  hpcd PCD handle
 270:Drivers/STM32F0xx_HAL_Driver/Src/stm32f0xx_hal_pcd_ex.c ****   * @retval HAL status
 271:Drivers/STM32F0xx_HAL_Driver/Src/stm32f0xx_hal_pcd_ex.c ****   */
 272:Drivers/STM32F0xx_HAL_Driver/Src/stm32f0xx_hal_pcd_ex.c **** HAL_StatusTypeDef HAL_PCDEx_DeActivateLPM(PCD_HandleTypeDef *hpcd)
 273:Drivers/STM32F0xx_HAL_Driver/Src/stm32f0xx_hal_pcd_ex.c **** {
 279              		.loc 1 273 1 is_stmt 1 view -0
 280              		.cfi_startproc
 281              		@ args = 0, pretend = 0, frame = 0
 282              		@ frame_needed = 0, uses_anonymous_args = 0
 283              		@ link register save eliminated.
 274:Drivers/STM32F0xx_HAL_Driver/Src/stm32f0xx_hal_pcd_ex.c ****   USB_TypeDef *USBx = hpcd->Instance;
 284              		.loc 1 274 3 view .LVU70
 285              		.loc 1 274 16 is_stmt 0 view .LVU71
 286 0000 0268     		ldr	r2, [r0]
 287              	.LVL20:
 275:Drivers/STM32F0xx_HAL_Driver/Src/stm32f0xx_hal_pcd_ex.c **** 
 276:Drivers/STM32F0xx_HAL_Driver/Src/stm32f0xx_hal_pcd_ex.c ****   hpcd->lpm_active = 0U;
 288              		.loc 1 276 3 is_stmt 1 view .LVU72
 289              		.loc 1 276 20 is_stmt 0 view .LVU73
 290 0002 9A23     		movs	r3, #154
 291 0004 9B00     		lsls	r3, r3, #2
ARM GAS  /tmp/ccH09lbT.s 			page 11


 292 0006 0021     		movs	r1, #0
 293 0008 C150     		str	r1, [r0, r3]
 277:Drivers/STM32F0xx_HAL_Driver/Src/stm32f0xx_hal_pcd_ex.c **** 
 278:Drivers/STM32F0xx_HAL_Driver/Src/stm32f0xx_hal_pcd_ex.c ****   USBx->LPMCSR &= ~(USB_LPMCSR_LMPEN);
 294              		.loc 1 278 3 is_stmt 1 view .LVU74
 295              		.loc 1 278 16 is_stmt 0 view .LVU75
 296 000a 5423     		movs	r3, #84
 297 000c D15A     		ldrh	r1, [r2, r3]
 298 000e 0120     		movs	r0, #1
 299              	.LVL21:
 300              		.loc 1 278 16 view .LVU76
 301 0010 8143     		bics	r1, r0
 302 0012 D152     		strh	r1, [r2, r3]
 279:Drivers/STM32F0xx_HAL_Driver/Src/stm32f0xx_hal_pcd_ex.c ****   USBx->LPMCSR &= ~(USB_LPMCSR_LPMACK);
 303              		.loc 1 279 3 is_stmt 1 view .LVU77
 304              		.loc 1 279 16 is_stmt 0 view .LVU78
 305 0014 D15A     		ldrh	r1, [r2, r3]
 306 0016 0130     		adds	r0, r0, #1
 307 0018 8143     		bics	r1, r0
 308 001a D152     		strh	r1, [r2, r3]
 280:Drivers/STM32F0xx_HAL_Driver/Src/stm32f0xx_hal_pcd_ex.c **** 
 281:Drivers/STM32F0xx_HAL_Driver/Src/stm32f0xx_hal_pcd_ex.c ****   return HAL_OK;
 309              		.loc 1 281 3 is_stmt 1 view .LVU79
 282:Drivers/STM32F0xx_HAL_Driver/Src/stm32f0xx_hal_pcd_ex.c **** }
 310              		.loc 1 282 1 is_stmt 0 view .LVU80
 311 001c 0020     		movs	r0, #0
 312              		@ sp needed
 313 001e 7047     		bx	lr
 314              		.cfi_endproc
 315              	.LFE45:
 317              		.section	.text.HAL_PCDEx_LPM_Callback,"ax",%progbits
 318              		.align	1
 319              		.weak	HAL_PCDEx_LPM_Callback
 320              		.syntax unified
 321              		.code	16
 322              		.thumb_func
 323              		.fpu softvfp
 325              	HAL_PCDEx_LPM_Callback:
 326              	.LVL22:
 327              	.LFB46:
 283:Drivers/STM32F0xx_HAL_Driver/Src/stm32f0xx_hal_pcd_ex.c **** 
 284:Drivers/STM32F0xx_HAL_Driver/Src/stm32f0xx_hal_pcd_ex.c **** 
 285:Drivers/STM32F0xx_HAL_Driver/Src/stm32f0xx_hal_pcd_ex.c **** 
 286:Drivers/STM32F0xx_HAL_Driver/Src/stm32f0xx_hal_pcd_ex.c **** /**
 287:Drivers/STM32F0xx_HAL_Driver/Src/stm32f0xx_hal_pcd_ex.c ****   * @brief  Send LPM message to user layer callback.
 288:Drivers/STM32F0xx_HAL_Driver/Src/stm32f0xx_hal_pcd_ex.c ****   * @param  hpcd PCD handle
 289:Drivers/STM32F0xx_HAL_Driver/Src/stm32f0xx_hal_pcd_ex.c ****   * @param  msg LPM message
 290:Drivers/STM32F0xx_HAL_Driver/Src/stm32f0xx_hal_pcd_ex.c ****   * @retval HAL status
 291:Drivers/STM32F0xx_HAL_Driver/Src/stm32f0xx_hal_pcd_ex.c ****   */
 292:Drivers/STM32F0xx_HAL_Driver/Src/stm32f0xx_hal_pcd_ex.c **** __weak void HAL_PCDEx_LPM_Callback(PCD_HandleTypeDef *hpcd, PCD_LPM_MsgTypeDef msg)
 293:Drivers/STM32F0xx_HAL_Driver/Src/stm32f0xx_hal_pcd_ex.c **** {
 328              		.loc 1 293 1 is_stmt 1 view -0
 329              		.cfi_startproc
 330              		@ args = 0, pretend = 0, frame = 0
 331              		@ frame_needed = 0, uses_anonymous_args = 0
 332              		@ link register save eliminated.
 294:Drivers/STM32F0xx_HAL_Driver/Src/stm32f0xx_hal_pcd_ex.c ****   /* Prevent unused argument(s) compilation warning */
ARM GAS  /tmp/ccH09lbT.s 			page 12


 295:Drivers/STM32F0xx_HAL_Driver/Src/stm32f0xx_hal_pcd_ex.c ****   UNUSED(hpcd);
 333              		.loc 1 295 3 view .LVU82
 296:Drivers/STM32F0xx_HAL_Driver/Src/stm32f0xx_hal_pcd_ex.c ****   UNUSED(msg);
 334              		.loc 1 296 3 view .LVU83
 297:Drivers/STM32F0xx_HAL_Driver/Src/stm32f0xx_hal_pcd_ex.c **** 
 298:Drivers/STM32F0xx_HAL_Driver/Src/stm32f0xx_hal_pcd_ex.c ****   /* NOTE : This function should not be modified, when the callback is needed,
 299:Drivers/STM32F0xx_HAL_Driver/Src/stm32f0xx_hal_pcd_ex.c ****             the HAL_PCDEx_LPM_Callback could be implemented in the user file
 300:Drivers/STM32F0xx_HAL_Driver/Src/stm32f0xx_hal_pcd_ex.c ****    */
 301:Drivers/STM32F0xx_HAL_Driver/Src/stm32f0xx_hal_pcd_ex.c **** }
 335              		.loc 1 301 1 is_stmt 0 view .LVU84
 336              		@ sp needed
 337 0000 7047     		bx	lr
 338              		.cfi_endproc
 339              	.LFE46:
 341              		.section	.text.HAL_PCDEx_BCD_Callback,"ax",%progbits
 342              		.align	1
 343              		.weak	HAL_PCDEx_BCD_Callback
 344              		.syntax unified
 345              		.code	16
 346              		.thumb_func
 347              		.fpu softvfp
 349              	HAL_PCDEx_BCD_Callback:
 350              	.LVL23:
 351              	.LFB47:
 302:Drivers/STM32F0xx_HAL_Driver/Src/stm32f0xx_hal_pcd_ex.c **** 
 303:Drivers/STM32F0xx_HAL_Driver/Src/stm32f0xx_hal_pcd_ex.c **** /**
 304:Drivers/STM32F0xx_HAL_Driver/Src/stm32f0xx_hal_pcd_ex.c ****   * @brief  Send BatteryCharging message to user layer callback.
 305:Drivers/STM32F0xx_HAL_Driver/Src/stm32f0xx_hal_pcd_ex.c ****   * @param  hpcd PCD handle
 306:Drivers/STM32F0xx_HAL_Driver/Src/stm32f0xx_hal_pcd_ex.c ****   * @param  msg LPM message
 307:Drivers/STM32F0xx_HAL_Driver/Src/stm32f0xx_hal_pcd_ex.c ****   * @retval HAL status
 308:Drivers/STM32F0xx_HAL_Driver/Src/stm32f0xx_hal_pcd_ex.c ****   */
 309:Drivers/STM32F0xx_HAL_Driver/Src/stm32f0xx_hal_pcd_ex.c **** __weak void HAL_PCDEx_BCD_Callback(PCD_HandleTypeDef *hpcd, PCD_BCD_MsgTypeDef msg)
 310:Drivers/STM32F0xx_HAL_Driver/Src/stm32f0xx_hal_pcd_ex.c **** {
 352              		.loc 1 310 1 is_stmt 1 view -0
 353              		.cfi_startproc
 354              		@ args = 0, pretend = 0, frame = 0
 355              		@ frame_needed = 0, uses_anonymous_args = 0
 356              		@ link register save eliminated.
 311:Drivers/STM32F0xx_HAL_Driver/Src/stm32f0xx_hal_pcd_ex.c ****   /* Prevent unused argument(s) compilation warning */
 312:Drivers/STM32F0xx_HAL_Driver/Src/stm32f0xx_hal_pcd_ex.c ****   UNUSED(hpcd);
 357              		.loc 1 312 3 view .LVU86
 313:Drivers/STM32F0xx_HAL_Driver/Src/stm32f0xx_hal_pcd_ex.c ****   UNUSED(msg);
 358              		.loc 1 313 3 view .LVU87
 314:Drivers/STM32F0xx_HAL_Driver/Src/stm32f0xx_hal_pcd_ex.c **** 
 315:Drivers/STM32F0xx_HAL_Driver/Src/stm32f0xx_hal_pcd_ex.c ****   /* NOTE : This function should not be modified, when the callback is needed,
 316:Drivers/STM32F0xx_HAL_Driver/Src/stm32f0xx_hal_pcd_ex.c ****             the HAL_PCDEx_BCD_Callback could be implemented in the user file
 317:Drivers/STM32F0xx_HAL_Driver/Src/stm32f0xx_hal_pcd_ex.c ****    */
 318:Drivers/STM32F0xx_HAL_Driver/Src/stm32f0xx_hal_pcd_ex.c **** }
 359              		.loc 1 318 1 is_stmt 0 view .LVU88
 360              		@ sp needed
 361 0000 7047     		bx	lr
 362              		.cfi_endproc
 363              	.LFE47:
 365              		.section	.text.HAL_PCDEx_BCD_VBUSDetect,"ax",%progbits
 366              		.align	1
 367              		.global	HAL_PCDEx_BCD_VBUSDetect
 368              		.syntax unified
ARM GAS  /tmp/ccH09lbT.s 			page 13


 369              		.code	16
 370              		.thumb_func
 371              		.fpu softvfp
 373              	HAL_PCDEx_BCD_VBUSDetect:
 374              	.LVL24:
 375              	.LFB43:
 161:Drivers/STM32F0xx_HAL_Driver/Src/stm32f0xx_hal_pcd_ex.c ****   USB_TypeDef *USBx = hpcd->Instance;
 376              		.loc 1 161 1 is_stmt 1 view -0
 377              		.cfi_startproc
 378              		@ args = 0, pretend = 0, frame = 0
 379              		@ frame_needed = 0, uses_anonymous_args = 0
 161:Drivers/STM32F0xx_HAL_Driver/Src/stm32f0xx_hal_pcd_ex.c ****   USB_TypeDef *USBx = hpcd->Instance;
 380              		.loc 1 161 1 is_stmt 0 view .LVU90
 381 0000 70B5     		push	{r4, r5, r6, lr}
 382              	.LCFI1:
 383              		.cfi_def_cfa_offset 16
 384              		.cfi_offset 4, -16
 385              		.cfi_offset 5, -12
 386              		.cfi_offset 6, -8
 387              		.cfi_offset 14, -4
 388 0002 0600     		movs	r6, r0
 162:Drivers/STM32F0xx_HAL_Driver/Src/stm32f0xx_hal_pcd_ex.c ****   uint32_t tickstart = HAL_GetTick();
 389              		.loc 1 162 3 is_stmt 1 view .LVU91
 162:Drivers/STM32F0xx_HAL_Driver/Src/stm32f0xx_hal_pcd_ex.c ****   uint32_t tickstart = HAL_GetTick();
 390              		.loc 1 162 16 is_stmt 0 view .LVU92
 391 0004 0468     		ldr	r4, [r0]
 392              	.LVL25:
 163:Drivers/STM32F0xx_HAL_Driver/Src/stm32f0xx_hal_pcd_ex.c **** 
 393              		.loc 1 163 3 is_stmt 1 view .LVU93
 163:Drivers/STM32F0xx_HAL_Driver/Src/stm32f0xx_hal_pcd_ex.c **** 
 394              		.loc 1 163 24 is_stmt 0 view .LVU94
 395 0006 FFF7FEFF 		bl	HAL_GetTick
 396              	.LVL26:
 163:Drivers/STM32F0xx_HAL_Driver/Src/stm32f0xx_hal_pcd_ex.c **** 
 397              		.loc 1 163 24 view .LVU95
 398 000a 0500     		movs	r5, r0
 399              	.LVL27:
 166:Drivers/STM32F0xx_HAL_Driver/Src/stm32f0xx_hal_pcd_ex.c ****   {
 400              		.loc 1 166 3 is_stmt 1 view .LVU96
 401              	.L13:
 166:Drivers/STM32F0xx_HAL_Driver/Src/stm32f0xx_hal_pcd_ex.c ****   {
 402              		.loc 1 166 9 view .LVU97
 166:Drivers/STM32F0xx_HAL_Driver/Src/stm32f0xx_hal_pcd_ex.c ****   {
 403              		.loc 1 166 15 is_stmt 0 view .LVU98
 404 000c 5823     		movs	r3, #88
 405 000e E35A     		ldrh	r3, [r4, r3]
 166:Drivers/STM32F0xx_HAL_Driver/Src/stm32f0xx_hal_pcd_ex.c ****   {
 406              		.loc 1 166 9 view .LVU99
 407 0010 DB06     		lsls	r3, r3, #27
 408 0012 0BD4     		bmi	.L20
 169:Drivers/STM32F0xx_HAL_Driver/Src/stm32f0xx_hal_pcd_ex.c ****     {
 409              		.loc 1 169 5 is_stmt 1 view .LVU100
 169:Drivers/STM32F0xx_HAL_Driver/Src/stm32f0xx_hal_pcd_ex.c ****     {
 410              		.loc 1 169 10 is_stmt 0 view .LVU101
 411 0014 FFF7FEFF 		bl	HAL_GetTick
 412              	.LVL28:
 169:Drivers/STM32F0xx_HAL_Driver/Src/stm32f0xx_hal_pcd_ex.c ****     {
ARM GAS  /tmp/ccH09lbT.s 			page 14


 413              		.loc 1 169 24 view .LVU102
 414 0018 401B     		subs	r0, r0, r5
 169:Drivers/STM32F0xx_HAL_Driver/Src/stm32f0xx_hal_pcd_ex.c ****     {
 415              		.loc 1 169 8 view .LVU103
 416 001a FA23     		movs	r3, #250
 417 001c 9B00     		lsls	r3, r3, #2
 418 001e 9842     		cmp	r0, r3
 419 0020 F4D9     		bls	.L13
 174:Drivers/STM32F0xx_HAL_Driver/Src/stm32f0xx_hal_pcd_ex.c **** #endif /* USE_HAL_PCD_REGISTER_CALLBACKS */
 420              		.loc 1 174 7 is_stmt 1 view .LVU104
 421 0022 FF21     		movs	r1, #255
 422 0024 3000     		movs	r0, r6
 423 0026 FFF7FEFF 		bl	HAL_PCDEx_BCD_Callback
 424              	.LVL29:
 177:Drivers/STM32F0xx_HAL_Driver/Src/stm32f0xx_hal_pcd_ex.c ****     }
 425              		.loc 1 177 7 view .LVU105
 426 002a 45E0     		b	.L12
 427              	.L20:
 181:Drivers/STM32F0xx_HAL_Driver/Src/stm32f0xx_hal_pcd_ex.c **** 
 428              		.loc 1 181 3 view .LVU106
 429 002c C820     		movs	r0, #200
 430 002e FFF7FEFF 		bl	HAL_Delay
 431              	.LVL30:
 184:Drivers/STM32F0xx_HAL_Driver/Src/stm32f0xx_hal_pcd_ex.c ****   {
 432              		.loc 1 184 3 view .LVU107
 184:Drivers/STM32F0xx_HAL_Driver/Src/stm32f0xx_hal_pcd_ex.c ****   {
 433              		.loc 1 184 12 is_stmt 0 view .LVU108
 434 0032 5823     		movs	r3, #88
 435 0034 E35A     		ldrh	r3, [r4, r3]
 184:Drivers/STM32F0xx_HAL_Driver/Src/stm32f0xx_hal_pcd_ex.c ****   {
 436              		.loc 1 184 6 view .LVU109
 437 0036 DB06     		lsls	r3, r3, #27
 438 0038 29D4     		bmi	.L21
 439              	.L16:
 194:Drivers/STM32F0xx_HAL_Driver/Src/stm32f0xx_hal_pcd_ex.c ****   HAL_Delay(50U);
 440              		.loc 1 194 3 is_stmt 1 view .LVU110
 194:Drivers/STM32F0xx_HAL_Driver/Src/stm32f0xx_hal_pcd_ex.c ****   HAL_Delay(50U);
 441              		.loc 1 194 14 is_stmt 0 view .LVU111
 442 003a 5825     		movs	r5, #88
 443              	.LVL31:
 194:Drivers/STM32F0xx_HAL_Driver/Src/stm32f0xx_hal_pcd_ex.c ****   HAL_Delay(50U);
 444              		.loc 1 194 14 view .LVU112
 445 003c 635B     		ldrh	r3, [r4, r5]
 446 003e 0222     		movs	r2, #2
 447 0040 9343     		bics	r3, r2
 448 0042 6353     		strh	r3, [r4, r5]
 195:Drivers/STM32F0xx_HAL_Driver/Src/stm32f0xx_hal_pcd_ex.c ****   USBx->BCDR |= (USB_BCDR_PDEN);
 449              		.loc 1 195 3 is_stmt 1 view .LVU113
 450 0044 3220     		movs	r0, #50
 451 0046 FFF7FEFF 		bl	HAL_Delay
 452              	.LVL32:
 196:Drivers/STM32F0xx_HAL_Driver/Src/stm32f0xx_hal_pcd_ex.c ****   HAL_Delay(50U);
 453              		.loc 1 196 3 view .LVU114
 196:Drivers/STM32F0xx_HAL_Driver/Src/stm32f0xx_hal_pcd_ex.c ****   HAL_Delay(50U);
 454              		.loc 1 196 14 is_stmt 0 view .LVU115
 455 004a 635B     		ldrh	r3, [r4, r5]
 456 004c 0422     		movs	r2, #4
ARM GAS  /tmp/ccH09lbT.s 			page 15


 457 004e 1343     		orrs	r3, r2
 458 0050 9BB2     		uxth	r3, r3
 459 0052 6353     		strh	r3, [r4, r5]
 197:Drivers/STM32F0xx_HAL_Driver/Src/stm32f0xx_hal_pcd_ex.c **** 
 460              		.loc 1 197 3 is_stmt 1 view .LVU116
 461 0054 3220     		movs	r0, #50
 462 0056 FFF7FEFF 		bl	HAL_Delay
 463              	.LVL33:
 200:Drivers/STM32F0xx_HAL_Driver/Src/stm32f0xx_hal_pcd_ex.c ****   {
 464              		.loc 1 200 3 view .LVU117
 200:Drivers/STM32F0xx_HAL_Driver/Src/stm32f0xx_hal_pcd_ex.c ****   {
 465              		.loc 1 200 12 is_stmt 0 view .LVU118
 466 005a 635B     		ldrh	r3, [r4, r5]
 200:Drivers/STM32F0xx_HAL_Driver/Src/stm32f0xx_hal_pcd_ex.c ****   {
 467              		.loc 1 200 6 view .LVU119
 468 005c 9B06     		lsls	r3, r3, #26
 469 005e 20D5     		bpl	.L17
 204:Drivers/STM32F0xx_HAL_Driver/Src/stm32f0xx_hal_pcd_ex.c ****     HAL_Delay(50U);
 470              		.loc 1 204 5 is_stmt 1 view .LVU120
 204:Drivers/STM32F0xx_HAL_Driver/Src/stm32f0xx_hal_pcd_ex.c ****     HAL_Delay(50U);
 471              		.loc 1 204 16 is_stmt 0 view .LVU121
 472 0060 635B     		ldrh	r3, [r4, r5]
 473 0062 0422     		movs	r2, #4
 474 0064 9343     		bics	r3, r2
 475 0066 6353     		strh	r3, [r4, r5]
 205:Drivers/STM32F0xx_HAL_Driver/Src/stm32f0xx_hal_pcd_ex.c ****     USBx->BCDR |= (USB_BCDR_SDEN);
 476              		.loc 1 205 5 is_stmt 1 view .LVU122
 477 0068 3220     		movs	r0, #50
 478 006a FFF7FEFF 		bl	HAL_Delay
 479              	.LVL34:
 206:Drivers/STM32F0xx_HAL_Driver/Src/stm32f0xx_hal_pcd_ex.c ****     HAL_Delay(50U);
 480              		.loc 1 206 5 view .LVU123
 206:Drivers/STM32F0xx_HAL_Driver/Src/stm32f0xx_hal_pcd_ex.c ****     HAL_Delay(50U);
 481              		.loc 1 206 16 is_stmt 0 view .LVU124
 482 006e 635B     		ldrh	r3, [r4, r5]
 483 0070 0822     		movs	r2, #8
 484 0072 1343     		orrs	r3, r2
 485 0074 9BB2     		uxth	r3, r3
 486 0076 6353     		strh	r3, [r4, r5]
 207:Drivers/STM32F0xx_HAL_Driver/Src/stm32f0xx_hal_pcd_ex.c **** 
 487              		.loc 1 207 5 is_stmt 1 view .LVU125
 488 0078 3220     		movs	r0, #50
 489 007a FFF7FEFF 		bl	HAL_Delay
 490              	.LVL35:
 210:Drivers/STM32F0xx_HAL_Driver/Src/stm32f0xx_hal_pcd_ex.c ****     {
 491              		.loc 1 210 5 view .LVU126
 210:Drivers/STM32F0xx_HAL_Driver/Src/stm32f0xx_hal_pcd_ex.c ****     {
 492              		.loc 1 210 14 is_stmt 0 view .LVU127
 493 007e 635B     		ldrh	r3, [r4, r5]
 210:Drivers/STM32F0xx_HAL_Driver/Src/stm32f0xx_hal_pcd_ex.c ****     {
 494              		.loc 1 210 8 view .LVU128
 495 0080 5B06     		lsls	r3, r3, #25
 496 0082 09D5     		bpl	.L18
 216:Drivers/STM32F0xx_HAL_Driver/Src/stm32f0xx_hal_pcd_ex.c **** #endif /* USE_HAL_PCD_REGISTER_CALLBACKS */
 497              		.loc 1 216 7 is_stmt 1 view .LVU129
 498 0084 FB21     		movs	r1, #251
 499 0086 3000     		movs	r0, r6
ARM GAS  /tmp/ccH09lbT.s 			page 16


 500 0088 FFF7FEFF 		bl	HAL_PCDEx_BCD_Callback
 501              	.LVL36:
 502 008c 0DE0     		b	.L19
 503              	.LVL37:
 504              	.L21:
 189:Drivers/STM32F0xx_HAL_Driver/Src/stm32f0xx_hal_pcd_ex.c **** #endif /* USE_HAL_PCD_REGISTER_CALLBACKS */
 505              		.loc 1 189 5 view .LVU130
 506 008e FE21     		movs	r1, #254
 507 0090 3000     		movs	r0, r6
 508 0092 FFF7FEFF 		bl	HAL_PCDEx_BCD_Callback
 509              	.LVL38:
 510 0096 D0E7     		b	.L16
 511              	.LVL39:
 512              	.L18:
 225:Drivers/STM32F0xx_HAL_Driver/Src/stm32f0xx_hal_pcd_ex.c **** #endif /* USE_HAL_PCD_REGISTER_CALLBACKS */
 513              		.loc 1 225 7 view .LVU131
 514 0098 FC21     		movs	r1, #252
 515 009a 3000     		movs	r0, r6
 516 009c FFF7FEFF 		bl	HAL_PCDEx_BCD_Callback
 517              	.LVL40:
 518 00a0 03E0     		b	.L19
 519              	.L17:
 235:Drivers/STM32F0xx_HAL_Driver/Src/stm32f0xx_hal_pcd_ex.c **** #endif /* USE_HAL_PCD_REGISTER_CALLBACKS */
 520              		.loc 1 235 5 view .LVU132
 521 00a2 FD21     		movs	r1, #253
 522 00a4 3000     		movs	r0, r6
 523 00a6 FFF7FEFF 		bl	HAL_PCDEx_BCD_Callback
 524              	.LVL41:
 525              	.L19:
 240:Drivers/STM32F0xx_HAL_Driver/Src/stm32f0xx_hal_pcd_ex.c **** #if (USE_HAL_PCD_REGISTER_CALLBACKS == 1U)
 526              		.loc 1 240 3 view .LVU133
 240:Drivers/STM32F0xx_HAL_Driver/Src/stm32f0xx_hal_pcd_ex.c **** #if (USE_HAL_PCD_REGISTER_CALLBACKS == 1U)
 527              		.loc 1 240 9 is_stmt 0 view .LVU134
 528 00aa 3000     		movs	r0, r6
 529 00ac FFF7FEFF 		bl	HAL_PCDEx_DeActivateBCD
 530              	.LVL42:
 244:Drivers/STM32F0xx_HAL_Driver/Src/stm32f0xx_hal_pcd_ex.c **** #endif /* USE_HAL_PCD_REGISTER_CALLBACKS */
 531              		.loc 1 244 3 is_stmt 1 view .LVU135
 532 00b0 0021     		movs	r1, #0
 533 00b2 3000     		movs	r0, r6
 534 00b4 FFF7FEFF 		bl	HAL_PCDEx_BCD_Callback
 535              	.LVL43:
 536              	.L12:
 246:Drivers/STM32F0xx_HAL_Driver/Src/stm32f0xx_hal_pcd_ex.c **** 
 537              		.loc 1 246 1 is_stmt 0 view .LVU136
 538              		@ sp needed
 539              	.LVL44:
 540              	.LVL45:
 246:Drivers/STM32F0xx_HAL_Driver/Src/stm32f0xx_hal_pcd_ex.c **** 
 541              		.loc 1 246 1 view .LVU137
 542 00b8 70BD     		pop	{r4, r5, r6, pc}
 543              		.cfi_endproc
 544              	.LFE43:
 546              		.text
 547              	.Letext0:
 548              		.file 2 "/usr/lib/gcc/arm-none-eabi/9.2.1/include/stdint.h"
 549              		.file 3 "Drivers/CMSIS/Device/ST/STM32F0xx/Include/system_stm32f0xx.h"
ARM GAS  /tmp/ccH09lbT.s 			page 17


 550              		.file 4 "Drivers/CMSIS/Device/ST/STM32F0xx/Include/stm32f072xb.h"
 551              		.file 5 "Drivers/STM32F0xx_HAL_Driver/Inc/stm32f0xx_hal_def.h"
 552              		.file 6 "Drivers/STM32F0xx_HAL_Driver/Inc/stm32f0xx_ll_usb.h"
 553              		.file 7 "Drivers/STM32F0xx_HAL_Driver/Inc/stm32f0xx_hal_pcd.h"
 554              		.file 8 "Drivers/STM32F0xx_HAL_Driver/Inc/stm32f0xx_hal.h"
ARM GAS  /tmp/ccH09lbT.s 			page 18


DEFINED SYMBOLS
                            *ABS*:0000000000000000 stm32f0xx_hal_pcd_ex.c
     /tmp/ccH09lbT.s:16     .text.HAL_PCDEx_PMAConfig:0000000000000000 $t
     /tmp/ccH09lbT.s:24     .text.HAL_PCDEx_PMAConfig:0000000000000000 HAL_PCDEx_PMAConfig
     /tmp/ccH09lbT.s:107    .text.HAL_PCDEx_ActivateBCD:0000000000000000 $t
     /tmp/ccH09lbT.s:114    .text.HAL_PCDEx_ActivateBCD:0000000000000000 HAL_PCDEx_ActivateBCD
     /tmp/ccH09lbT.s:170    .text.HAL_PCDEx_DeActivateBCD:0000000000000000 $t
     /tmp/ccH09lbT.s:177    .text.HAL_PCDEx_DeActivateBCD:0000000000000000 HAL_PCDEx_DeActivateBCD
     /tmp/ccH09lbT.s:213    .text.HAL_PCDEx_ActivateLPM:0000000000000000 $t
     /tmp/ccH09lbT.s:220    .text.HAL_PCDEx_ActivateLPM:0000000000000000 HAL_PCDEx_ActivateLPM
     /tmp/ccH09lbT.s:269    .text.HAL_PCDEx_DeActivateLPM:0000000000000000 $t
     /tmp/ccH09lbT.s:276    .text.HAL_PCDEx_DeActivateLPM:0000000000000000 HAL_PCDEx_DeActivateLPM
     /tmp/ccH09lbT.s:318    .text.HAL_PCDEx_LPM_Callback:0000000000000000 $t
     /tmp/ccH09lbT.s:325    .text.HAL_PCDEx_LPM_Callback:0000000000000000 HAL_PCDEx_LPM_Callback
     /tmp/ccH09lbT.s:342    .text.HAL_PCDEx_BCD_Callback:0000000000000000 $t
     /tmp/ccH09lbT.s:349    .text.HAL_PCDEx_BCD_Callback:0000000000000000 HAL_PCDEx_BCD_Callback
     /tmp/ccH09lbT.s:366    .text.HAL_PCDEx_BCD_VBUSDetect:0000000000000000 $t
     /tmp/ccH09lbT.s:373    .text.HAL_PCDEx_BCD_VBUSDetect:0000000000000000 HAL_PCDEx_BCD_VBUSDetect

UNDEFINED SYMBOLS
HAL_GetTick
HAL_Delay
